2019-11-30 13:26:03.1145|ERROR|ItemTable|Microsoft.CSharp.RuntimeBinder.RuntimeBinderException: 无法将类型“object”隐式转换为“System.Collections.Generic.IEnumerable<Yanzi.Core.KendoDapper.GroupSelector<AALife.Service.Models.ItemTable>>”。存在一个显式转换(是否缺少强制转换?)
   在 CallSite.Target(Closure , CallSite , Object )
   在 System.Dynamic.UpdateDelegates.UpdateAndExecute1[T0,TRet](CallSite site, T0 arg0)
   在 Yanzi.Core.KendoDapper.EnumerableExtenstions.GroupByMany[TElement](IDbConnection conn, IEnumerable`1 lists, IEnumerable`1 groupSelectors) 位置 D:\fxlweb\AALifeWeb2018\AALife.Core\KendoDapper\EnumerableExtenstions.cs:行号 30
   在 AALife.Service.Dapper.ItemTableBLL.GetDapperDataSource(DataSourceRequest request) 位置 D:\fxlweb\AALifeWeb2018\AALife.Service\Dapper\ItemTableBLL.cs:行号 81
   在 ItemTable.GetItemTable(DataSourceRequest query) 位置 d:\fxlweb\AALifeWeb2018\AALife.Web\api\ItemTableDapper.asmx:行号 35
2019-11-30 13:26:14.9070|ERROR|ItemTable|Microsoft.CSharp.RuntimeBinder.RuntimeBinderException: 无法将类型“object”隐式转换为“System.Collections.Generic.IEnumerable<Yanzi.Core.KendoDapper.GroupSelector<AALife.Service.Models.ItemTable>>”。存在一个显式转换(是否缺少强制转换?)
   在 CallSite.Target(Closure , CallSite , Object )
   在 Yanzi.Core.KendoDapper.EnumerableExtenstions.GroupByMany[TElement](IDbConnection conn, IEnumerable`1 lists, IEnumerable`1 groupSelectors) 位置 D:\fxlweb\AALifeWeb2018\AALife.Core\KendoDapper\EnumerableExtenstions.cs:行号 30
   在 AALife.Service.Dapper.ItemTableBLL.GetDapperDataSource(DataSourceRequest request) 位置 D:\fxlweb\AALifeWeb2018\AALife.Service\Dapper\ItemTableBLL.cs:行号 81
   在 ItemTable.GetItemTable(DataSourceRequest query) 位置 d:\fxlweb\AALifeWeb2018\AALife.Web\api\ItemTableDapper.asmx:行号 35
2019-11-30 13:26:42.8185|ERROR|ItemTable|Microsoft.CSharp.RuntimeBinder.RuntimeBinderException: 无法将类型“object”隐式转换为“System.Collections.Generic.IEnumerable<Yanzi.Core.KendoDapper.GroupSelector<AALife.Service.Models.ItemTable>>”。存在一个显式转换(是否缺少强制转换?)
   在 CallSite.Target(Closure , CallSite , Object )
   在 Yanzi.Core.KendoDapper.EnumerableExtenstions.GroupByMany[TElement](IDbConnection conn, IEnumerable`1 lists, IEnumerable`1 groupSelectors) 位置 D:\fxlweb\AALifeWeb2018\AALife.Core\KendoDapper\EnumerableExtenstions.cs:行号 30
   在 AALife.Service.Dapper.ItemTableBLL.GetDapperDataSource(DataSourceRequest request) 位置 D:\fxlweb\AALifeWeb2018\AALife.Service\Dapper\ItemTableBLL.cs:行号 81
   在 ItemTable.GetItemTable(DataSourceRequest query) 位置 d:\fxlweb\AALifeWeb2018\AALife.Web\api\ItemTableDapper.asmx:行号 35
2019-11-30 13:27:48.7900|ERROR|ItemTable|Microsoft.CSharp.RuntimeBinder.RuntimeBinderException: 无法将类型“object”隐式转换为“System.Collections.Generic.IEnumerable<Yanzi.Core.KendoDapper.GroupSelector<AALife.Service.Models.ItemTable>>”。存在一个显式转换(是否缺少强制转换?)
   在 CallSite.Target(Closure , CallSite , Object )
   在 Yanzi.Core.KendoDapper.EnumerableExtenstions.GroupByMany[TElement](IDbConnection conn, IEnumerable`1 lists, IEnumerable`1 groupSelectors) 位置 D:\fxlweb\AALifeWeb2018\AALife.Core\KendoDapper\EnumerableExtenstions.cs:行号 30
   在 AALife.Service.Dapper.ItemTableBLL.GetDapperDataSource(DataSourceRequest request) 位置 D:\fxlweb\AALifeWeb2018\AALife.Service\Dapper\ItemTableBLL.cs:行号 81
   在 ItemTable.GetItemTable(DataSourceRequest query) 位置 d:\fxlweb\AALifeWeb2018\AALife.Web\api\ItemTableDapper.asmx:行号 35
2019-11-30 14:04:49.1384|ERROR|ItemTable|Microsoft.CSharp.RuntimeBinder.RuntimeBinderException: 无法将类型“object”隐式转换为“System.Collections.Generic.IEnumerable<Yanzi.Core.KendoDapper.GroupSelector<AALife.Service.Models.ItemTable>>”。存在一个显式转换(是否缺少强制转换?)
   在 CallSite.Target(Closure , CallSite , Object )
   在 System.Dynamic.UpdateDelegates.UpdateAndExecute1[T0,TRet](CallSite site, T0 arg0)
   在 Yanzi.Core.KendoDapper.EnumerableExtenstions.GroupByMany[TElement](IDbConnection conn, IEnumerable`1 lists, IEnumerable`1 groupSelectors) 位置 D:\fxlweb\AALifeWeb2018\AALife.Core\KendoDapper\EnumerableExtenstions.cs:行号 30
   在 AALife.Service.Dapper.ItemTableBLL.GetDapperDataSource(DataSourceRequest request) 位置 D:\fxlweb\AALifeWeb2018\AALife.Service\Dapper\ItemTableBLL.cs:行号 81
   在 ItemTable.GetItemTable(DataSourceRequest query) 位置 d:\fxlweb\AALifeWeb2018\AALife.Web\api\ItemTableDapper.asmx:行号 35
2019-11-30 14:05:51.0997|ERROR|ItemTable|Microsoft.CSharp.RuntimeBinder.RuntimeBinderException: 无法将类型“object”隐式转换为“System.Collections.Generic.IEnumerable<Yanzi.Core.KendoDapper.GroupSelector<AALife.Service.Models.ItemTable>>”。存在一个显式转换(是否缺少强制转换?)
   在 CallSite.Target(Closure , CallSite , Object )
   在 Yanzi.Core.KendoDapper.EnumerableExtenstions.GroupByMany[TElement](IDbConnection conn, IEnumerable`1 lists, IEnumerable`1 groupSelectors) 位置 D:\fxlweb\AALifeWeb2018\AALife.Core\KendoDapper\EnumerableExtenstions.cs:行号 30
   在 AALife.Service.Dapper.ItemTableBLL.GetDapperDataSource(DataSourceRequest request) 位置 D:\fxlweb\AALifeWeb2018\AALife.Service\Dapper\ItemTableBLL.cs:行号 81
   在 ItemTable.GetItemTable(DataSourceRequest query) 位置 d:\fxlweb\AALifeWeb2018\AALife.Web\api\ItemTableDapper.asmx:行号 35
2019-11-30 14:06:33.1711|ERROR|ItemTable|Microsoft.CSharp.RuntimeBinder.RuntimeBinderException: 无法将类型“object”隐式转换为“System.Collections.Generic.IEnumerable<Yanzi.Core.KendoDapper.GroupSelector<AALife.Service.Models.ItemTable>>”。存在一个显式转换(是否缺少强制转换?)
   在 CallSite.Target(Closure , CallSite , Object )
   在 System.Dynamic.UpdateDelegates.UpdateAndExecute1[T0,TRet](CallSite site, T0 arg0)
   在 Yanzi.Core.KendoDapper.EnumerableExtenstions.GroupByMany[TElement](IDbConnection conn, IEnumerable`1 lists, IEnumerable`1 groupSelectors) 位置 D:\fxlweb\AALifeWeb2018\AALife.Core\KendoDapper\EnumerableExtenstions.cs:行号 30
   在 AALife.Service.Dapper.ItemTableBLL.GetDapperDataSource(DataSourceRequest request) 位置 D:\fxlweb\AALifeWeb2018\AALife.Service\Dapper\ItemTableBLL.cs:行号 81
   在 ItemTable.GetItemTable(DataSourceRequest query) 位置 d:\fxlweb\AALifeWeb2018\AALife.Web\api\ItemTableDapper.asmx:行号 35
2019-11-30 19:51:37.6231|ERROR|ItemTable|System.Data.SqlClient.SqlException (0x80131904): 在排序依据列表中多次指定了某一列。排序依据列表中的列必须是唯一的。
   在 System.Data.SqlClient.SqlConnection.OnError(SqlException exception, Boolean breakConnection, Action`1 wrapCloseInAction)
   在 System.Data.SqlClient.TdsParser.ThrowExceptionAndWarning(TdsParserStateObject stateObj, Boolean callerHasConnectionLock, Boolean asyncClose)
   在 System.Data.SqlClient.TdsParser.TryRun(RunBehavior runBehavior, SqlCommand cmdHandler, SqlDataReader dataStream, BulkCopySimpleResultSet bulkCopyHandler, TdsParserStateObject stateObj, Boolean& dataReady)
   在 System.Data.SqlClient.SqlDataReader.TryConsumeMetaData()
   在 System.Data.SqlClient.SqlDataReader.get_MetaData()
   在 System.Data.SqlClient.SqlCommand.FinishExecuteReader(SqlDataReader ds, RunBehavior runBehavior, String resetOptionsString, Boolean isInternal, Boolean forDescribeParameterEncryption, Boolean shouldCacheForAlwaysEncrypted)
   在 System.Data.SqlClient.SqlCommand.RunExecuteReaderTds(CommandBehavior cmdBehavior, RunBehavior runBehavior, Boolean returnStream, Boolean async, Int32 timeout, Task& task, Boolean asyncWrite, Boolean inRetry, SqlDataReader ds, Boolean describeParameterEncryptionRequest)
   在 System.Data.SqlClient.SqlCommand.RunExecuteReader(CommandBehavior cmdBehavior, RunBehavior runBehavior, Boolean returnStream, String method, TaskCompletionSource`1 completion, Int32 timeout, Task& task, Boolean& usedCache, Boolean asyncWrite, Boolean inRetry)
   在 System.Data.SqlClient.SqlCommand.RunExecuteReader(CommandBehavior cmdBehavior, RunBehavior runBehavior, Boolean returnStream, String method)
   在 System.Data.SqlClient.SqlCommand.ExecuteReader(CommandBehavior behavior, String method)
   在 Dapper.SqlMapper.ExecuteReaderWithFlagsFallback(IDbCommand cmd, Boolean wasClosed, CommandBehavior behavior)
   在 Dapper.SqlMapper.<QueryImpl>d__138`1.MoveNext()
   在 System.Collections.Generic.List`1..ctor(IEnumerable`1 collection)
   在 System.Linq.Enumerable.ToList[TSource](IEnumerable`1 source)
   在 Dapper.SqlMapper.Query[T](IDbConnection cnn, String sql, Object param, IDbTransaction transaction, Boolean buffered, Nullable`1 commandTimeout, Nullable`1 commandType)
   在 AALife.Service.Dapper.ItemTableBLL.GetDapperDataSource(DataSourceRequest request) 位置 D:\fxlweb\AALifeWeb2018\AALife.Service\Dapper\ItemTableBLL.cs:行号 84
   在 ItemTable.GetItemTable(DataSourceRequest query) 位置 d:\fxlweb\AALifeWeb2018\AALife.Web\api\ItemTableDapper.asmx:行号 35
ClientConnectionId:d5a26309-d798-4dfd-be2b-b8791c0199ce
Error Number:169,State:1,Class:15
