2019-12-04 15:19:18.9817|ERROR|ItemTable|System.Data.SqlClient.SqlException (0x80131904): 对象名 'ItemTableView2019' 无效。
   在 System.Data.SqlClient.SqlConnection.OnError(SqlException exception, Boolean breakConnection, Action`1 wrapCloseInAction)
   在 System.Data.SqlClient.TdsParser.ThrowExceptionAndWarning(TdsParserStateObject stateObj, Boolean callerHasConnectionLock, Boolean asyncClose)
   在 System.Data.SqlClient.TdsParser.TryRun(RunBehavior runBehavior, SqlCommand cmdHandler, SqlDataReader dataStream, BulkCopySimpleResultSet bulkCopyHandler, TdsParserStateObject stateObj, Boolean& dataReady)
   在 System.Data.SqlClient.SqlDataReader.TryConsumeMetaData()
   在 System.Data.SqlClient.SqlDataReader.get_MetaData()
   在 System.Data.SqlClient.SqlCommand.FinishExecuteReader(SqlDataReader ds, RunBehavior runBehavior, String resetOptionsString, Boolean isInternal, Boolean forDescribeParameterEncryption, Boolean shouldCacheForAlwaysEncrypted)
   在 System.Data.SqlClient.SqlCommand.RunExecuteReaderTds(CommandBehavior cmdBehavior, RunBehavior runBehavior, Boolean returnStream, Boolean async, Int32 timeout, Task& task, Boolean asyncWrite, Boolean inRetry, SqlDataReader ds, Boolean describeParameterEncryptionRequest)
   在 System.Data.SqlClient.SqlCommand.RunExecuteReader(CommandBehavior cmdBehavior, RunBehavior runBehavior, Boolean returnStream, String method, TaskCompletionSource`1 completion, Int32 timeout, Task& task, Boolean& usedCache, Boolean asyncWrite, Boolean inRetry)
   在 System.Data.SqlClient.SqlCommand.RunExecuteReader(CommandBehavior cmdBehavior, RunBehavior runBehavior, Boolean returnStream, String method)
   在 System.Data.SqlClient.SqlCommand.ExecuteReader(CommandBehavior behavior, String method)
   在 Dapper.SqlMapper.ExecuteReaderWithFlagsFallback(IDbCommand cmd, Boolean wasClosed, CommandBehavior behavior)
   在 Dapper.SqlMapper.<QueryImpl>d__138`1.MoveNext()
   在 System.Collections.Generic.List`1..ctor(IEnumerable`1 collection)
   在 System.Linq.Enumerable.ToList[TSource](IEnumerable`1 source)
   在 Dapper.SqlMapper.Query[T](IDbConnection cnn, String sql, Object param, IDbTransaction transaction, Boolean buffered, Nullable`1 commandTimeout, Nullable`1 commandType)
   在 Yanzi.Core.KendoDapper.QueryableExtensions.ToDataSourceResult[T](String table, String connString, Int32 page, Int32 pageSize, IEnumerable`1 sort, Filter filter, IEnumerable`1 aggregates, IEnumerable`1 group, String defaultOrder, Func`2 func)
   在 Yanzi.Core.KendoDapper.QueryableExtensions.ToDataSourceResult[T](String table, DataSourceRequest request, String connString, String defaultOrder, Func`2 func)
   在 AALife.Service.Dapper.ItemTableBLL.GetDapperDataSource(DataSourceRequest request) 位置 D:\fxlweb\AALifeWeb2018\AALife.Service\Dapper\ItemTableBLL.cs:行号 49
   在 ItemTable.GetItemTable(DataSourceRequest query) 位置 d:\fxlweb\AALifeWeb2018\AALife.Web\api\ItemTableDapper.asmx:行号 35
ClientConnectionId:b5205d69-4dd3-423f-a26e-ffd5ec6a8e53
Error Number:208,State:1,Class:16
2019-12-04 15:19:49.0587|ERROR|ItemTable|System.Data.SqlClient.SqlException (0x80131904): 对象名 'ItemTableView2019' 无效。
   在 System.Data.SqlClient.SqlConnection.OnError(SqlException exception, Boolean breakConnection, Action`1 wrapCloseInAction)
   在 System.Data.SqlClient.TdsParser.ThrowExceptionAndWarning(TdsParserStateObject stateObj, Boolean callerHasConnectionLock, Boolean asyncClose)
   在 System.Data.SqlClient.TdsParser.TryRun(RunBehavior runBehavior, SqlCommand cmdHandler, SqlDataReader dataStream, BulkCopySimpleResultSet bulkCopyHandler, TdsParserStateObject stateObj, Boolean& dataReady)
   在 System.Data.SqlClient.SqlDataReader.TryConsumeMetaData()
   在 System.Data.SqlClient.SqlDataReader.get_MetaData()
   在 System.Data.SqlClient.SqlCommand.FinishExecuteReader(SqlDataReader ds, RunBehavior runBehavior, String resetOptionsString, Boolean isInternal, Boolean forDescribeParameterEncryption, Boolean shouldCacheForAlwaysEncrypted)
   在 System.Data.SqlClient.SqlCommand.RunExecuteReaderTds(CommandBehavior cmdBehavior, RunBehavior runBehavior, Boolean returnStream, Boolean async, Int32 timeout, Task& task, Boolean asyncWrite, Boolean inRetry, SqlDataReader ds, Boolean describeParameterEncryptionRequest)
   在 System.Data.SqlClient.SqlCommand.RunExecuteReader(CommandBehavior cmdBehavior, RunBehavior runBehavior, Boolean returnStream, String method, TaskCompletionSource`1 completion, Int32 timeout, Task& task, Boolean& usedCache, Boolean asyncWrite, Boolean inRetry)
   在 System.Data.SqlClient.SqlCommand.RunExecuteReader(CommandBehavior cmdBehavior, RunBehavior runBehavior, Boolean returnStream, String method)
   在 System.Data.SqlClient.SqlCommand.ExecuteReader(CommandBehavior behavior, String method)
   在 Dapper.SqlMapper.ExecuteReaderWithFlagsFallback(IDbCommand cmd, Boolean wasClosed, CommandBehavior behavior)
   在 Dapper.SqlMapper.<QueryImpl>d__138`1.MoveNext()
   在 System.Collections.Generic.List`1..ctor(IEnumerable`1 collection)
   在 System.Linq.Enumerable.ToList[TSource](IEnumerable`1 source)
   在 Dapper.SqlMapper.Query[T](IDbConnection cnn, String sql, Object param, IDbTransaction transaction, Boolean buffered, Nullable`1 commandTimeout, Nullable`1 commandType)
   在 Yanzi.Core.KendoDapper.QueryableExtensions.ToDataSourceResult[T](String table, String connString, Int32 page, Int32 pageSize, IEnumerable`1 sort, Filter filter, IEnumerable`1 aggregates, IEnumerable`1 group, String defaultOrder, Func`2 func)
   在 Yanzi.Core.KendoDapper.QueryableExtensions.ToDataSourceResult[T](String table, DataSourceRequest request, String connString, String defaultOrder, Func`2 func)
   在 AALife.Service.Dapper.ItemTableBLL.GetDapperDataSource(DataSourceRequest request) 位置 D:\fxlweb\AALifeWeb2018\AALife.Service\Dapper\ItemTableBLL.cs:行号 49
   在 ItemTable.GetItemTable(DataSourceRequest query) 位置 d:\fxlweb\AALifeWeb2018\AALife.Web\api\ItemTableDapper.asmx:行号 35
ClientConnectionId:b5205d69-4dd3-423f-a26e-ffd5ec6a8e53
Error Number:208,State:1,Class:16
2019-12-04 22:40:48.7699|ERROR|ItemTable|Operator '=' incompatible with operand types 'String' and 'Char' (at index 10)
2019-12-04 22:41:12.8117|ERROR|ItemTable|Operator '=' incompatible with operand types 'String' and 'Char' (at index 10)
2019-12-04 22:41:46.7956|ERROR|ItemTable|Operator '=' incompatible with operand types 'String' and 'Char' (at index 10)
2019-12-04 22:42:49.5516|ERROR|ItemTable|Operator '=' incompatible with operand types 'String' and 'Char' (at index 10)
2019-12-04 22:49:11.8303|ERROR|ItemTable|System.InvalidOperationException: 到值类型“System.Decimal”的强制转换失败，因为具体化值为 null。结果类型的泛型参数或查询必须使用可以为 null 的类型。
   在 System.Data.Entity.Core.Common.Internal.Materialization.Shaper.ErrorHandlingValueReader`1.GetValue(DbDataReader reader, Int32 ordinal)
   在 lambda_method(Closure , Shaper )
   在 System.Data.Entity.Core.Common.Internal.Materialization.Coordinator`1.ReadNextElement(Shaper shaper)
   在 System.Data.Entity.Core.Common.Internal.Materialization.Shaper`1.SimpleEnumerator.MoveNext()
   在 System.Linq.Enumerable.<CastIterator>d__97`1.MoveNext()
   在 System.Linq.Enumerable.Single[TSource](IEnumerable`1 source)
   在 Yanzi.Core.KendoDapper.QueryableExtensions.Aggregate[T](IQueryable`1 queryable, IEnumerable`1 aggregates)
   在 Yanzi.Core.KendoDapper.QueryableExtensions.ToDataSourceResult[T](IQueryable`1 queryable, Int32 take, Int32 skip, IEnumerable`1 sort, Filter filter, IEnumerable`1 aggregates, IEnumerable`1 group, Expression`1 order)
   在 Yanzi.Core.KendoDapper.QueryableExtensions.ToDataSourceResult[T](IQueryable`1 queryable, DataSourceRequest request, Expression`1 order)
   在 AALife.Service.Dapper.ItemTableBLL.GetDapperDataSource(DataSourceRequest request) 位置 D:\fxlweb\AALifeWeb2018\AALife.Service\Dapper\ItemTableBLL.cs:行号 50
   在 ItemTable.GetItemTable(DataSourceRequest query) 位置 d:\fxlweb\AALifeWeb2018\AALife.Web\api\ItemTableDapper.asmx:行号 34
2019-12-04 22:52:23.6367|ERROR|ItemTable|System.InvalidOperationException: 到值类型“System.Decimal”的强制转换失败，因为具体化值为 null。结果类型的泛型参数或查询必须使用可以为 null 的类型。
   在 System.Data.Entity.Core.Common.Internal.Materialization.Shaper.ErrorHandlingValueReader`1.GetValue(DbDataReader reader, Int32 ordinal)
   在 lambda_method(Closure , Shaper )
   在 System.Data.Entity.Core.Common.Internal.Materialization.Coordinator`1.ReadNextElement(Shaper shaper)
   在 System.Data.Entity.Core.Common.Internal.Materialization.Shaper`1.SimpleEnumerator.MoveNext()
   在 System.Linq.Enumerable.<CastIterator>d__97`1.MoveNext()
   在 System.Linq.Enumerable.Single[TSource](IEnumerable`1 source)
   在 Yanzi.Core.KendoDapper.QueryableExtensions.Aggregate[T](IQueryable`1 queryable, IEnumerable`1 aggregates)
   在 Yanzi.Core.KendoDapper.QueryableExtensions.ToDataSourceResult[T](IQueryable`1 queryable, Int32 take, Int32 skip, IEnumerable`1 sort, Filter filter, IEnumerable`1 aggregates, IEnumerable`1 group, Expression`1 order)
   在 Yanzi.Core.KendoDapper.QueryableExtensions.ToDataSourceResult[T](IQueryable`1 queryable, DataSourceRequest request, Expression`1 order)
   在 AALife.Service.Dapper.ItemTableBLL.GetDapperDataSource(DataSourceRequest request) 位置 D:\fxlweb\AALifeWeb2018\AALife.Service\Dapper\ItemTableBLL.cs:行号 50
   在 ItemTable.GetItemTable(DataSourceRequest query) 位置 d:\fxlweb\AALifeWeb2018\AALife.Web\api\ItemTableDapper.asmx:行号 34
2019-12-04 22:53:39.6033|ERROR|ItemTable|')' or operator expected (at index 10)
2019-12-04 22:54:08.4400|ERROR|ItemTable|')' or operator expected (at index 10)
2019-12-04 22:54:24.8184|ERROR|ItemTable|')' or operator expected (at index 10)
2019-12-04 22:54:58.5633|ERROR|ItemTable|')' or operator expected (at index 10)
2019-12-04 22:55:46.2078|ERROR|ItemTable|')' or operator expected (at index 10)
2019-12-04 22:57:48.4738|ERROR|ItemTable|System.InvalidOperationException: 到值类型“System.Decimal”的强制转换失败，因为具体化值为 null。结果类型的泛型参数或查询必须使用可以为 null 的类型。
   在 System.Data.Entity.Core.Common.Internal.Materialization.Shaper.ErrorHandlingValueReader`1.GetValue(DbDataReader reader, Int32 ordinal)
   在 lambda_method(Closure , Shaper )
   在 System.Data.Entity.Core.Common.Internal.Materialization.Coordinator`1.ReadNextElement(Shaper shaper)
   在 System.Data.Entity.Core.Common.Internal.Materialization.Shaper`1.SimpleEnumerator.MoveNext()
   在 System.Linq.Enumerable.<CastIterator>d__97`1.MoveNext()
   在 System.Linq.Enumerable.Single[TSource](IEnumerable`1 source)
   在 Yanzi.Core.KendoDapper.QueryableExtensions.Aggregate[T](IQueryable`1 queryable, IEnumerable`1 aggregates)
   在 Yanzi.Core.KendoDapper.QueryableExtensions.ToDataSourceResult[T](IQueryable`1 queryable, Int32 take, Int32 skip, IEnumerable`1 sort, Filter filter, IEnumerable`1 aggregates, IEnumerable`1 group, Expression`1 order)
   在 Yanzi.Core.KendoDapper.QueryableExtensions.ToDataSourceResult[T](IQueryable`1 queryable, DataSourceRequest request, Expression`1 order)
   在 AALife.Service.Dapper.ItemTableBLL.GetDapperDataSource(DataSourceRequest request) 位置 D:\fxlweb\AALifeWeb2018\AALife.Service\Dapper\ItemTableBLL.cs:行号 50
   在 ItemTable.GetItemTable(DataSourceRequest query) 位置 d:\fxlweb\AALifeWeb2018\AALife.Web\api\ItemTableDapper.asmx:行号 34
2019-12-04 23:11:19.9514|ERROR|ItemTable|System.InvalidOperationException: 到值类型“System.Decimal”的强制转换失败，因为具体化值为 null。结果类型的泛型参数或查询必须使用可以为 null 的类型。
   在 System.Data.Entity.Core.Common.Internal.Materialization.Shaper.ErrorHandlingValueReader`1.GetValue(DbDataReader reader, Int32 ordinal)
   在 lambda_method(Closure , Shaper )
   在 System.Data.Entity.Core.Common.Internal.Materialization.Coordinator`1.ReadNextElement(Shaper shaper)
   在 System.Data.Entity.Core.Common.Internal.Materialization.Shaper`1.SimpleEnumerator.MoveNext()
   在 System.Linq.Enumerable.<CastIterator>d__97`1.MoveNext()
   在 System.Linq.Enumerable.Single[TSource](IEnumerable`1 source)
   在 Yanzi.Core.KendoDapper.QueryableExtensions.Aggregate[T](IQueryable`1 queryable, IEnumerable`1 aggregates)
   在 Yanzi.Core.KendoDapper.QueryableExtensions.ToDataSourceResult[T](IQueryable`1 queryable, Int32 take, Int32 skip, IEnumerable`1 sort, Filter filter, IEnumerable`1 aggregates, IEnumerable`1 group, Expression`1 order)
   在 Yanzi.Core.KendoDapper.QueryableExtensions.ToDataSourceResult[T](IQueryable`1 queryable, DataSourceRequest request, Expression`1 order)
   在 AALife.Service.Dapper.ItemTableBLL.GetDapperDataSource(DataSourceRequest request) 位置 D:\fxlweb\AALifeWeb2018\AALife.Service\Dapper\ItemTableBLL.cs:行号 50
   在 ItemTable.GetItemTable(DataSourceRequest query) 位置 d:\fxlweb\AALifeWeb2018\AALife.Web\api\ItemTableDapper.asmx:行号 34
2019-12-04 23:14:27.3658|ERROR|ItemTable|System.NotSupportedException: LINQ to Entities 不识别方法“Boolean IsNullOrWhiteSpace(System.String)”，因此该方法无法转换为存储表达式。
   在 System.Data.Entity.Core.Objects.ELinq.ExpressionConverter.MethodCallTranslator.DefaultTranslator.Translate(ExpressionConverter parent, MethodCallExpression call)
   在 System.Data.Entity.Core.Objects.ELinq.ExpressionConverter.MethodCallTranslator.TypedTranslate(ExpressionConverter parent, MethodCallExpression linq)
   在 System.Data.Entity.Core.Objects.ELinq.ExpressionConverter.TranslateExpression(Expression linq)
   在 System.Data.Entity.Core.Objects.ELinq.ExpressionConverter.TranslateLambda(LambdaExpression lambda, DbExpression input)
   在 System.Data.Entity.Core.Objects.ELinq.ExpressionConverter.MethodCallTranslator.OneLambdaTranslator.Translate(ExpressionConverter parent, MethodCallExpression call, DbExpression& source, DbExpressionBinding& sourceBinding, DbExpression& lambda)
   在 System.Data.Entity.Core.Objects.ELinq.ExpressionConverter.MethodCallTranslator.OneLambdaTranslator.Translate(ExpressionConverter parent, MethodCallExpression call)
   在 System.Data.Entity.Core.Objects.ELinq.ExpressionConverter.MethodCallTranslator.TypedTranslate(ExpressionConverter parent, MethodCallExpression linq)
   在 System.Data.Entity.Core.Objects.ELinq.ExpressionConverter.TranslateExpression(Expression linq)
   在 System.Data.Entity.Core.Objects.ELinq.ExpressionConverter.MethodCallTranslator.AggregateTranslator.Translate(ExpressionConverter parent, MethodCallExpression call)
   在 System.Data.Entity.Core.Objects.ELinq.ExpressionConverter.MethodCallTranslator.TypedTranslate(ExpressionConverter parent, MethodCallExpression linq)
   在 System.Data.Entity.Core.Objects.ELinq.ExpressionConverter.TranslateExpression(Expression linq)
   在 System.Data.Entity.Core.Objects.ELinq.ExpressionConverter.Convert()
   在 System.Data.Entity.Core.Objects.ELinq.ELinqQueryState.GetExecutionPlan(Nullable`1 forMergeOption)
   在 System.Data.Entity.Core.Objects.ObjectQuery`1.<>c__DisplayClass7.<GetResults>b__6()
   在 System.Data.Entity.Core.Objects.ObjectContext.ExecuteInTransaction[T](Func`1 func, IDbExecutionStrategy executionStrategy, Boolean startLocalTransaction, Boolean releaseConnectionOnSuccess)
   在 System.Data.Entity.Core.Objects.ObjectQuery`1.<>c__DisplayClass7.<GetResults>b__5()
   在 System.Data.Entity.SqlServer.DefaultSqlExecutionStrategy.Execute[TResult](Func`1 operation)
   在 System.Data.Entity.Core.Objects.ObjectQuery`1.GetResults(Nullable`1 forMergeOption)
   在 System.Data.Entity.Core.Objects.ObjectQuery`1.<System.Collections.Generic.IEnumerable<T>.GetEnumerator>b__0()
   在 System.Data.Entity.Internal.LazyEnumerator`1.MoveNext()
   在 System.Linq.Enumerable.Single[TSource](IEnumerable`1 source)
   在 Yanzi.Core.KendoDapper.QueryableExtensions.ToDataSourceResult[T](IQueryable`1 queryable, Int32 take, Int32 skip, IEnumerable`1 sort, Filter filter, IEnumerable`1 aggregates, IEnumerable`1 group, Expression`1 order)
   在 Yanzi.Core.KendoDapper.QueryableExtensions.ToDataSourceResult[T](IQueryable`1 queryable, DataSourceRequest request, Expression`1 order)
   在 AALife.Service.Dapper.ItemTableBLL.GetDapperDataSource(DataSourceRequest request) 位置 D:\fxlweb\AALifeWeb2018\AALife.Service\Dapper\ItemTableBLL.cs:行号 50
   在 ItemTable.GetItemTable(DataSourceRequest query) 位置 d:\fxlweb\AALifeWeb2018\AALife.Web\api\ItemTableDapper.asmx:行号 34
2019-12-04 23:15:12.9321|ERROR|ItemTable|System.NotSupportedException: LINQ to Entities 不识别方法“Boolean IsNullOrWhiteSpace(System.String)”，因此该方法无法转换为存储表达式。
   在 System.Data.Entity.Core.Objects.ELinq.ExpressionConverter.MethodCallTranslator.DefaultTranslator.Translate(ExpressionConverter parent, MethodCallExpression call)
   在 System.Data.Entity.Core.Objects.ELinq.ExpressionConverter.MethodCallTranslator.TypedTranslate(ExpressionConverter parent, MethodCallExpression linq)
   在 System.Data.Entity.Core.Objects.ELinq.ExpressionConverter.TranslateExpression(Expression linq)
   在 System.Data.Entity.Core.Objects.ELinq.ExpressionConverter.TranslateLambda(LambdaExpression lambda, DbExpression input)
   在 System.Data.Entity.Core.Objects.ELinq.ExpressionConverter.MethodCallTranslator.OneLambdaTranslator.Translate(ExpressionConverter parent, MethodCallExpression call, DbExpression& source, DbExpressionBinding& sourceBinding, DbExpression& lambda)
   在 System.Data.Entity.Core.Objects.ELinq.ExpressionConverter.MethodCallTranslator.OneLambdaTranslator.Translate(ExpressionConverter parent, MethodCallExpression call)
   在 System.Data.Entity.Core.Objects.ELinq.ExpressionConverter.MethodCallTranslator.TypedTranslate(ExpressionConverter parent, MethodCallExpression linq)
   在 System.Data.Entity.Core.Objects.ELinq.ExpressionConverter.TranslateExpression(Expression linq)
   在 System.Data.Entity.Core.Objects.ELinq.ExpressionConverter.MethodCallTranslator.AggregateTranslator.Translate(ExpressionConverter parent, MethodCallExpression call)
   在 System.Data.Entity.Core.Objects.ELinq.ExpressionConverter.MethodCallTranslator.TypedTranslate(ExpressionConverter parent, MethodCallExpression linq)
   在 System.Data.Entity.Core.Objects.ELinq.ExpressionConverter.TranslateExpression(Expression linq)
   在 System.Data.Entity.Core.Objects.ELinq.ExpressionConverter.Convert()
   在 System.Data.Entity.Core.Objects.ELinq.ELinqQueryState.GetExecutionPlan(Nullable`1 forMergeOption)
   在 System.Data.Entity.Core.Objects.ObjectQuery`1.<>c__DisplayClass7.<GetResults>b__6()
   在 System.Data.Entity.Core.Objects.ObjectContext.ExecuteInTransaction[T](Func`1 func, IDbExecutionStrategy executionStrategy, Boolean startLocalTransaction, Boolean releaseConnectionOnSuccess)
   在 System.Data.Entity.Core.Objects.ObjectQuery`1.<>c__DisplayClass7.<GetResults>b__5()
   在 System.Data.Entity.SqlServer.DefaultSqlExecutionStrategy.Execute[TResult](Func`1 operation)
   在 System.Data.Entity.Core.Objects.ObjectQuery`1.GetResults(Nullable`1 forMergeOption)
   在 System.Data.Entity.Core.Objects.ObjectQuery`1.<System.Collections.Generic.IEnumerable<T>.GetEnumerator>b__0()
   在 System.Data.Entity.Internal.LazyEnumerator`1.MoveNext()
   在 System.Linq.Enumerable.Single[TSource](IEnumerable`1 source)
   在 Yanzi.Core.KendoDapper.QueryableExtensions.ToDataSourceResult[T](IQueryable`1 queryable, Int32 take, Int32 skip, IEnumerable`1 sort, Filter filter, IEnumerable`1 aggregates, IEnumerable`1 group, Expression`1 order)
   在 Yanzi.Core.KendoDapper.QueryableExtensions.ToDataSourceResult[T](IQueryable`1 queryable, DataSourceRequest request, Expression`1 order)
   在 AALife.Service.Dapper.ItemTableBLL.GetDapperDataSource(DataSourceRequest request) 位置 D:\fxlweb\AALifeWeb2018\AALife.Service\Dapper\ItemTableBLL.cs:行号 50
   在 ItemTable.GetItemTable(DataSourceRequest query) 位置 d:\fxlweb\AALifeWeb2018\AALife.Web\api\ItemTableDapper.asmx:行号 34
2019-12-04 23:23:30.8848|ERROR|ItemTable|System.NotSupportedException: LINQ to Entities 不识别方法“Boolean IsNullOrWhiteSpace(System.String)”，因此该方法无法转换为存储表达式。
   在 System.Data.Entity.Core.Objects.ELinq.ExpressionConverter.MethodCallTranslator.DefaultTranslator.Translate(ExpressionConverter parent, MethodCallExpression call)
   在 System.Data.Entity.Core.Objects.ELinq.ExpressionConverter.MethodCallTranslator.TypedTranslate(ExpressionConverter parent, MethodCallExpression linq)
   在 System.Data.Entity.Core.Objects.ELinq.ExpressionConverter.TranslateExpression(Expression linq)
   在 System.Data.Entity.Core.Objects.ELinq.ExpressionConverter.TranslateLambda(LambdaExpression lambda, DbExpression input)
   在 System.Data.Entity.Core.Objects.ELinq.ExpressionConverter.MethodCallTranslator.OneLambdaTranslator.Translate(ExpressionConverter parent, MethodCallExpression call, DbExpression& source, DbExpressionBinding& sourceBinding, DbExpression& lambda)
   在 System.Data.Entity.Core.Objects.ELinq.ExpressionConverter.MethodCallTranslator.OneLambdaTranslator.Translate(ExpressionConverter parent, MethodCallExpression call)
   在 System.Data.Entity.Core.Objects.ELinq.ExpressionConverter.MethodCallTranslator.TypedTranslate(ExpressionConverter parent, MethodCallExpression linq)
   在 System.Data.Entity.Core.Objects.ELinq.ExpressionConverter.TranslateExpression(Expression linq)
   在 System.Data.Entity.Core.Objects.ELinq.ExpressionConverter.MethodCallTranslator.AggregateTranslator.Translate(ExpressionConverter parent, MethodCallExpression call)
   在 System.Data.Entity.Core.Objects.ELinq.ExpressionConverter.MethodCallTranslator.TypedTranslate(ExpressionConverter parent, MethodCallExpression linq)
   在 System.Data.Entity.Core.Objects.ELinq.ExpressionConverter.TranslateExpression(Expression linq)
   在 System.Data.Entity.Core.Objects.ELinq.ExpressionConverter.Convert()
   在 System.Data.Entity.Core.Objects.ELinq.ELinqQueryState.GetExecutionPlan(Nullable`1 forMergeOption)
   在 System.Data.Entity.Core.Objects.ObjectQuery`1.<>c__DisplayClass7.<GetResults>b__6()
   在 System.Data.Entity.Core.Objects.ObjectContext.ExecuteInTransaction[T](Func`1 func, IDbExecutionStrategy executionStrategy, Boolean startLocalTransaction, Boolean releaseConnectionOnSuccess)
   在 System.Data.Entity.Core.Objects.ObjectQuery`1.<>c__DisplayClass7.<GetResults>b__5()
   在 System.Data.Entity.SqlServer.DefaultSqlExecutionStrategy.Execute[TResult](Func`1 operation)
   在 System.Data.Entity.Core.Objects.ObjectQuery`1.GetResults(Nullable`1 forMergeOption)
   在 System.Data.Entity.Core.Objects.ObjectQuery`1.<System.Collections.Generic.IEnumerable<T>.GetEnumerator>b__0()
   在 System.Data.Entity.Internal.LazyEnumerator`1.MoveNext()
   在 System.Linq.Enumerable.Single[TSource](IEnumerable`1 source)
   在 Yanzi.Core.KendoDapper.QueryableExtensions.ToDataSourceResult[T](IQueryable`1 queryable, Int32 take, Int32 skip, IEnumerable`1 sort, Filter filter, IEnumerable`1 aggregates, IEnumerable`1 group, Expression`1 order)
   在 Yanzi.Core.KendoDapper.QueryableExtensions.ToDataSourceResult[T](IQueryable`1 queryable, DataSourceRequest request, Expression`1 order)
   在 AALife.Service.Dapper.ItemTableBLL.GetDapperDataSource(DataSourceRequest request) 位置 D:\fxlweb\AALifeWeb2018\AALife.Service\Dapper\ItemTableBLL.cs:行号 50
   在 ItemTable.GetItemTable(DataSourceRequest query) 位置 d:\fxlweb\AALifeWeb2018\AALife.Web\api\ItemTableDapper.asmx:行号 34
2019-12-04 23:30:56.7815|ERROR|ItemTable|System.InvalidOperationException: 到值类型“System.Decimal”的强制转换失败，因为具体化值为 null。结果类型的泛型参数或查询必须使用可以为 null 的类型。
   在 System.Data.Entity.Core.Common.Internal.Materialization.Shaper.ErrorHandlingValueReader`1.GetValue(DbDataReader reader, Int32 ordinal)
   在 lambda_method(Closure , Shaper )
   在 System.Data.Entity.Core.Common.Internal.Materialization.Coordinator`1.ReadNextElement(Shaper shaper)
   在 System.Data.Entity.Core.Common.Internal.Materialization.Shaper`1.SimpleEnumerator.MoveNext()
   在 System.Linq.Enumerable.<CastIterator>d__97`1.MoveNext()
   在 System.Linq.Enumerable.Single[TSource](IEnumerable`1 source)
   在 Yanzi.Core.KendoDapper.QueryableExtensions.Aggregate[T](IQueryable`1 queryable, IEnumerable`1 aggregates)
   在 Yanzi.Core.KendoDapper.QueryableExtensions.ToDataSourceResult[T](IQueryable`1 queryable, Int32 take, Int32 skip, IEnumerable`1 sort, Filter filter, IEnumerable`1 aggregates, IEnumerable`1 group, Expression`1 order)
   在 Yanzi.Core.KendoDapper.QueryableExtensions.ToDataSourceResult[T](IQueryable`1 queryable, DataSourceRequest request, Expression`1 order)
   在 AALife.Service.Dapper.ItemTableBLL.GetDapperDataSource(DataSourceRequest request) 位置 D:\fxlweb\AALifeWeb2018\AALife.Service\Dapper\ItemTableBLL.cs:行号 50
   在 ItemTable.GetItemTable(DataSourceRequest query) 位置 d:\fxlweb\AALifeWeb2018\AALife.Web\api\ItemTableDapper.asmx:行号 34
2019-12-04 23:35:40.3457|ERROR|ItemTable|Operator '==' incompatible with operand types 'Byte' and 'String' (at index 37)
2019-12-04 23:35:47.7201|ERROR|ItemTable|Operator '==' incompatible with operand types 'Byte' and 'String' (at index 38)
2019-12-04 23:37:36.2720|ERROR|ItemTable|No applicable method 'IsNullOrEmpty' exists in type 'String' (at index 8)
2019-12-04 23:40:00.4269|ERROR|ItemTable|No applicable method 'IsNullOrEmpty' exists in type 'String' (at index 8)
2019-12-04 23:40:24.6965|ERROR|ItemTable|No applicable method 'IsNullOrEmpty' exists in type 'String' (at index 8)
2019-12-04 23:42:07.5762|ERROR|ItemTable|No applicable method 'IsNullOrEmpty' exists in type 'String' (at index 8)
2019-12-04 23:45:39.2714|ERROR|ItemTable|Operator '==' incompatible with operand types 'Decimal' and 'String' (at index 33)
2019-12-04 23:54:27.9762|ERROR|ItemTable|System.InvalidOperationException: 到值类型“System.Decimal”的强制转换失败，因为具体化值为 null。结果类型的泛型参数或查询必须使用可以为 null 的类型。
   在 System.Data.Entity.Core.Common.Internal.Materialization.Shaper.ErrorHandlingValueReader`1.GetValue(DbDataReader reader, Int32 ordinal)
   在 lambda_method(Closure , Shaper )
   在 System.Data.Entity.Core.Common.Internal.Materialization.Coordinator`1.ReadNextElement(Shaper shaper)
   在 System.Data.Entity.Core.Common.Internal.Materialization.Shaper`1.SimpleEnumerator.MoveNext()
   在 System.Linq.Enumerable.<CastIterator>d__97`1.MoveNext()
   在 System.Linq.Enumerable.Single[TSource](IEnumerable`1 source)
   在 Yanzi.Core.KendoDapper.QueryableExtensions.Aggregate[T](IQueryable`1 queryable, IEnumerable`1 aggregates)
   在 Yanzi.Core.KendoDapper.QueryableExtensions.ToDataSourceResult[T](IQueryable`1 queryable, Int32 take, Int32 skip, IEnumerable`1 sort, Filter filter, IEnumerable`1 aggregates, IEnumerable`1 group, Expression`1 order)
   在 Yanzi.Core.KendoDapper.QueryableExtensions.ToDataSourceResult[T](IQueryable`1 queryable, DataSourceRequest request, Expression`1 order)
   在 AALife.Service.Dapper.ItemTableBLL.GetDapperDataSource(DataSourceRequest request) 位置 D:\fxlweb\AALifeWeb2018\AALife.Service\Dapper\ItemTableBLL.cs:行号 50
   在 ItemTable.GetItemTable(DataSourceRequest query) 位置 d:\fxlweb\AALifeWeb2018\AALife.Web\api\ItemTableDapper.asmx:行号 34
2019-12-04 23:55:58.3698|ERROR|ItemTable|System.InvalidOperationException: 到值类型“System.Decimal”的强制转换失败，因为具体化值为 null。结果类型的泛型参数或查询必须使用可以为 null 的类型。
   在 System.Data.Entity.Core.Common.Internal.Materialization.Shaper.ErrorHandlingValueReader`1.GetValue(DbDataReader reader, Int32 ordinal)
   在 lambda_method(Closure , Shaper )
   在 System.Data.Entity.Core.Common.Internal.Materialization.Coordinator`1.ReadNextElement(Shaper shaper)
   在 System.Data.Entity.Core.Common.Internal.Materialization.Shaper`1.SimpleEnumerator.MoveNext()
   在 System.Linq.Enumerable.<CastIterator>d__97`1.MoveNext()
   在 System.Linq.Enumerable.Single[TSource](IEnumerable`1 source)
   在 Yanzi.Core.KendoDapper.QueryableExtensions.Aggregate[T](IQueryable`1 queryable, IEnumerable`1 aggregates)
   在 Yanzi.Core.KendoDapper.QueryableExtensions.ToDataSourceResult[T](IQueryable`1 queryable, Int32 take, Int32 skip, IEnumerable`1 sort, Filter filter, IEnumerable`1 aggregates, IEnumerable`1 group, Expression`1 order)
   在 Yanzi.Core.KendoDapper.QueryableExtensions.ToDataSourceResult[T](IQueryable`1 queryable, DataSourceRequest request, Expression`1 order)
   在 AALife.Service.Dapper.ItemTableBLL.GetDapperDataSource(DataSourceRequest request) 位置 D:\fxlweb\AALifeWeb2018\AALife.Service\Dapper\ItemTableBLL.cs:行号 50
   在 ItemTable.GetItemTable(DataSourceRequest query) 位置 d:\fxlweb\AALifeWeb2018\AALife.Web\api\ItemTableDapper.asmx:行号 34
2019-12-04 23:58:23.4073|ERROR|ItemTable|Operator '==' incompatible with operand types 'Decimal' and 'String' (at index 33)
2019-12-04 23:58:28.0778|ERROR|ItemTable|Operator '==' incompatible with operand types 'Decimal' and 'String' (at index 33)
