2019-11-28 15:56:19.4719|ERROR|ItemTable|System.Data.Entity.Core.EntityCommandExecutionException: 执行命令定义时出错。有关详细信息，请参阅内部异常。 ---> System.Data.SqlClient.SqlException: 在从服务器接收结果时发生传输级错误。 (provider: Session Provider, error: 19 - 物理连接不可用)
   在 System.Data.SqlClient.SqlConnection.OnError(SqlException exception, Boolean breakConnection, Action`1 wrapCloseInAction)
   在 System.Data.SqlClient.TdsParser.ThrowExceptionAndWarning(TdsParserStateObject stateObj, Boolean callerHasConnectionLock, Boolean asyncClose)
   在 System.Data.SqlClient.TdsParserStateObject.ReadSniError(TdsParserStateObject stateObj, UInt32 error)
   在 System.Data.SqlClient.TdsParserStateObject.ReadSniSyncOverAsync()
   在 System.Data.SqlClient.TdsParserStateObject.TryReadNetworkPacket()
   在 System.Data.SqlClient.TdsParserStateObject.TryPrepareBuffer()
   在 System.Data.SqlClient.TdsParserStateObject.TryReadByte(Byte& value)
   在 System.Data.SqlClient.TdsParser.TryRun(RunBehavior runBehavior, SqlCommand cmdHandler, SqlDataReader dataStream, BulkCopySimpleResultSet bulkCopyHandler, TdsParserStateObject stateObj, Boolean& dataReady)
   在 System.Data.SqlClient.SqlDataReader.TryConsumeMetaData()
   在 System.Data.SqlClient.SqlDataReader.get_MetaData()
   在 System.Data.SqlClient.SqlCommand.FinishExecuteReader(SqlDataReader ds, RunBehavior runBehavior, String resetOptionsString, Boolean isInternal, Boolean forDescribeParameterEncryption, Boolean shouldCacheForAlwaysEncrypted)
   在 System.Data.SqlClient.SqlCommand.RunExecuteReaderTds(CommandBehavior cmdBehavior, RunBehavior runBehavior, Boolean returnStream, Boolean async, Int32 timeout, Task& task, Boolean asyncWrite, Boolean inRetry, SqlDataReader ds, Boolean describeParameterEncryptionRequest)
   在 System.Data.SqlClient.SqlCommand.RunExecuteReader(CommandBehavior cmdBehavior, RunBehavior runBehavior, Boolean returnStream, String method, TaskCompletionSource`1 completion, Int32 timeout, Task& task, Boolean& usedCache, Boolean asyncWrite, Boolean inRetry)
   在 System.Data.SqlClient.SqlCommand.RunExecuteReader(CommandBehavior cmdBehavior, RunBehavior runBehavior, Boolean returnStream, String method)
   在 System.Data.SqlClient.SqlCommand.ExecuteReader(CommandBehavior behavior, String method)
   在 System.Data.Entity.Infrastructure.Interception.InternalDispatcher`1.Dispatch[TTarget,TInterceptionContext,TResult](TTarget target, Func`3 operation, TInterceptionContext interceptionContext, Action`3 executing, Action`3 executed)
   在 System.Data.Entity.Infrastructure.Interception.DbCommandDispatcher.Reader(DbCommand command, DbCommandInterceptionContext interceptionContext)
   在 System.Data.Entity.Core.EntityClient.Internal.EntityCommandDefinition.ExecuteStoreCommands(EntityCommand entityCommand, CommandBehavior behavior)
   --- 内部异常堆栈跟踪的结尾 ---
   在 System.Data.Entity.Core.EntityClient.Internal.EntityCommandDefinition.ExecuteStoreCommands(EntityCommand entityCommand, CommandBehavior behavior)
   在 System.Data.Entity.Core.Objects.Internal.ObjectQueryExecutionPlan.Execute[TResultType](ObjectContext context, ObjectParameterCollection parameterValues)
   在 System.Data.Entity.Core.Objects.ObjectContext.ExecuteInTransaction[T](Func`1 func, IDbExecutionStrategy executionStrategy, Boolean startLocalTransaction, Boolean releaseConnectionOnSuccess)
   在 System.Data.Entity.Core.Objects.ObjectQuery`1.<>c__DisplayClass7.<GetResults>b__5()
   在 System.Data.Entity.SqlServer.DefaultSqlExecutionStrategy.Execute[TResult](Func`1 operation)
   在 System.Data.Entity.Core.Objects.ObjectQuery`1.GetResults(Nullable`1 forMergeOption)
   在 System.Data.Entity.Core.Objects.ObjectQuery`1.<System.Collections.Generic.IEnumerable<T>.GetEnumerator>b__0()
   在 System.Data.Entity.Internal.LazyEnumerator`1.MoveNext()
   在 System.Collections.Generic.List`1..ctor(IEnumerable`1 collection)
   在 System.Linq.Enumerable.ToList[TSource](IEnumerable`1 source)
   在 Yanzi.Core.Kendoui.EnumerableExtenstions.<>c__DisplayClass1_1`1.<GroupByMany>b__0(IGrouping`2 g) 位置 D:\fxlweb\AALifeWeb2018\AALife.Core\Kendoui\EnumerableExtenstions.cs:行号 81
   在 System.Linq.Enumerable.WhereSelectEnumerableIterator`2.MoveNext()
   在 System.Collections.Generic.List`1..ctor(IEnumerable`1 collection)
   在 System.Linq.Enumerable.ToList[TSource](IEnumerable`1 source)
   在 Yanzi.Core.Kendoui.EnumerableExtenstions.GroupByMany[TElement](IEnumerable`1 elements, IQueryable`1 queryable, GroupSelector`1[] groupSelectors) 位置 D:\fxlweb\AALifeWeb2018\AALife.Core\Kendoui\EnumerableExtenstions.cs:行号 81
   在 Yanzi.Core.Kendoui.EnumerableExtenstions.GroupByMany[TElement](IEnumerable`1 elements, IQueryable`1 queryable, IEnumerable`1 groupSelectors) 位置 D:\fxlweb\AALifeWeb2018\AALife.Core\Kendoui\EnumerableExtenstions.cs:行号 30
   在 Yanzi.Core.Kendoui.QueryableExtensions.ToDataSourceResult[T](IQueryable`1 queryable, Int32 take, Int32 skip, IEnumerable`1 sort, Filter filter, IEnumerable`1 aggregates, IEnumerable`1 group, Expression`1 where) 位置 D:\fxlweb\AALifeWeb2018\AALife.Core\Kendoui\QueryableExtensions.cs:行号 110
   在 Yanzi.Core.Kendoui.QueryableExtensions.ToDataSourceResult[T](IQueryable`1 queryable, DataSourceRequest request) 位置 D:\fxlweb\AALifeWeb2018\AALife.Core\Kendoui\QueryableExtensions.cs:行号 21
   在 AALife.Service.Kendoui.BaseService`1.GetKendoDataSource(DataSourceRequest request) 位置 D:\fxlweb\AALifeWeb2018\AALife.Service\Kendoui\BaseService.cs:行号 56
   在 ItemTable.GetItemTable(DataSourceRequest query) 位置 d:\fxlweb\AALifeWeb2018\AALife.Web\api\ItemTableKendo.asmx:行号 41
2019-11-28 16:22:04.0998|ERROR|ItemTable|System.Data.Entity.Core.EntityCommandExecutionException: 执行命令定义时出错。有关详细信息，请参阅内部异常。 ---> System.Data.SqlClient.SqlException: 执行超时已过期。完成操作之前已超时或服务器未响应。  ---> System.ComponentModel.Win32Exception: 等待的操作过时。
   --- 内部异常堆栈跟踪的结尾 ---
   在 System.Data.SqlClient.SqlConnection.OnError(SqlException exception, Boolean breakConnection, Action`1 wrapCloseInAction)
   在 System.Data.SqlClient.TdsParser.ThrowExceptionAndWarning(TdsParserStateObject stateObj, Boolean callerHasConnectionLock, Boolean asyncClose)
   在 System.Data.SqlClient.TdsParser.TryRun(RunBehavior runBehavior, SqlCommand cmdHandler, SqlDataReader dataStream, BulkCopySimpleResultSet bulkCopyHandler, TdsParserStateObject stateObj, Boolean& dataReady)
   在 System.Data.SqlClient.SqlDataReader.TryConsumeMetaData()
   在 System.Data.SqlClient.SqlDataReader.get_MetaData()
   在 System.Data.SqlClient.SqlCommand.FinishExecuteReader(SqlDataReader ds, RunBehavior runBehavior, String resetOptionsString, Boolean isInternal, Boolean forDescribeParameterEncryption, Boolean shouldCacheForAlwaysEncrypted)
   在 System.Data.SqlClient.SqlCommand.RunExecuteReaderTds(CommandBehavior cmdBehavior, RunBehavior runBehavior, Boolean returnStream, Boolean async, Int32 timeout, Task& task, Boolean asyncWrite, Boolean inRetry, SqlDataReader ds, Boolean describeParameterEncryptionRequest)
   在 System.Data.SqlClient.SqlCommand.RunExecuteReader(CommandBehavior cmdBehavior, RunBehavior runBehavior, Boolean returnStream, String method, TaskCompletionSource`1 completion, Int32 timeout, Task& task, Boolean& usedCache, Boolean asyncWrite, Boolean inRetry)
   在 System.Data.SqlClient.SqlCommand.RunExecuteReader(CommandBehavior cmdBehavior, RunBehavior runBehavior, Boolean returnStream, String method)
   在 System.Data.SqlClient.SqlCommand.ExecuteReader(CommandBehavior behavior, String method)
   在 System.Data.Entity.Infrastructure.Interception.InternalDispatcher`1.Dispatch[TTarget,TInterceptionContext,TResult](TTarget target, Func`3 operation, TInterceptionContext interceptionContext, Action`3 executing, Action`3 executed)
   在 System.Data.Entity.Infrastructure.Interception.DbCommandDispatcher.Reader(DbCommand command, DbCommandInterceptionContext interceptionContext)
   在 System.Data.Entity.Core.EntityClient.Internal.EntityCommandDefinition.ExecuteStoreCommands(EntityCommand entityCommand, CommandBehavior behavior)
   --- 内部异常堆栈跟踪的结尾 ---
   在 System.Data.Entity.Core.EntityClient.Internal.EntityCommandDefinition.ExecuteStoreCommands(EntityCommand entityCommand, CommandBehavior behavior)
   在 System.Data.Entity.Core.Objects.Internal.ObjectQueryExecutionPlan.Execute[TResultType](ObjectContext context, ObjectParameterCollection parameterValues)
   在 System.Data.Entity.Core.Objects.ObjectContext.ExecuteInTransaction[T](Func`1 func, IDbExecutionStrategy executionStrategy, Boolean startLocalTransaction, Boolean releaseConnectionOnSuccess)
   在 System.Data.Entity.Core.Objects.ObjectQuery`1.<>c__DisplayClass7.<GetResults>b__5()
   在 System.Data.Entity.SqlServer.DefaultSqlExecutionStrategy.Execute[TResult](Func`1 operation)
   在 System.Data.Entity.Core.Objects.ObjectQuery`1.GetResults(Nullable`1 forMergeOption)
   在 System.Data.Entity.Core.Objects.ObjectQuery`1.<System.Collections.Generic.IEnumerable<T>.GetEnumerator>b__0()
   在 System.Data.Entity.Internal.LazyEnumerator`1.MoveNext()
   在 System.Collections.Generic.List`1..ctor(IEnumerable`1 collection)
   在 System.Linq.Enumerable.ToList[TSource](IEnumerable`1 source)
   在 Yanzi.Core.Kendoui.QueryableExtensions.ToDataSourceResult[T](IQueryable`1 queryable, Int32 take, Int32 skip, IEnumerable`1 sort, Filter filter, IEnumerable`1 aggregates, IEnumerable`1 group, Expression`1 where) 位置 D:\fxlweb\AALifeWeb2018\AALife.Core\Kendoui\QueryableExtensions.cs:行号 115
   在 Yanzi.Core.Kendoui.QueryableExtensions.ToDataSourceResult[T](IQueryable`1 queryable, DataSourceRequest request) 位置 D:\fxlweb\AALifeWeb2018\AALife.Core\Kendoui\QueryableExtensions.cs:行号 21
   在 AALife.Service.Kendoui.BaseService`1.GetKendoDataSource(DataSourceRequest request) 位置 D:\fxlweb\AALifeWeb2018\AALife.Service\Kendoui\BaseService.cs:行号 56
   在 ItemTable.GetItemTable(DataSourceRequest query) 位置 d:\fxlweb\AALifeWeb2018\AALife.Web\api\ItemTableKendo.asmx:行号 41
2019-11-28 16:25:21.6847|ERROR|ItemTable|System.Data.Entity.Core.EntityCommandExecutionException: 执行命令定义时出错。有关详细信息，请参阅内部异常。 ---> System.Data.SqlClient.SqlException: 执行超时已过期。完成操作之前已超时或服务器未响应。  ---> System.ComponentModel.Win32Exception: 等待的操作过时。
   --- 内部异常堆栈跟踪的结尾 ---
   在 System.Data.SqlClient.SqlConnection.OnError(SqlException exception, Boolean breakConnection, Action`1 wrapCloseInAction)
   在 System.Data.SqlClient.TdsParser.ThrowExceptionAndWarning(TdsParserStateObject stateObj, Boolean callerHasConnectionLock, Boolean asyncClose)
   在 System.Data.SqlClient.TdsParser.TryRun(RunBehavior runBehavior, SqlCommand cmdHandler, SqlDataReader dataStream, BulkCopySimpleResultSet bulkCopyHandler, TdsParserStateObject stateObj, Boolean& dataReady)
   在 System.Data.SqlClient.SqlDataReader.TryConsumeMetaData()
   在 System.Data.SqlClient.SqlDataReader.get_MetaData()
   在 System.Data.SqlClient.SqlCommand.FinishExecuteReader(SqlDataReader ds, RunBehavior runBehavior, String resetOptionsString, Boolean isInternal, Boolean forDescribeParameterEncryption, Boolean shouldCacheForAlwaysEncrypted)
   在 System.Data.SqlClient.SqlCommand.RunExecuteReaderTds(CommandBehavior cmdBehavior, RunBehavior runBehavior, Boolean returnStream, Boolean async, Int32 timeout, Task& task, Boolean asyncWrite, Boolean inRetry, SqlDataReader ds, Boolean describeParameterEncryptionRequest)
   在 System.Data.SqlClient.SqlCommand.RunExecuteReader(CommandBehavior cmdBehavior, RunBehavior runBehavior, Boolean returnStream, String method, TaskCompletionSource`1 completion, Int32 timeout, Task& task, Boolean& usedCache, Boolean asyncWrite, Boolean inRetry)
   在 System.Data.SqlClient.SqlCommand.RunExecuteReader(CommandBehavior cmdBehavior, RunBehavior runBehavior, Boolean returnStream, String method)
   在 System.Data.SqlClient.SqlCommand.ExecuteReader(CommandBehavior behavior, String method)
   在 System.Data.Entity.Infrastructure.Interception.InternalDispatcher`1.Dispatch[TTarget,TInterceptionContext,TResult](TTarget target, Func`3 operation, TInterceptionContext interceptionContext, Action`3 executing, Action`3 executed)
   在 System.Data.Entity.Infrastructure.Interception.DbCommandDispatcher.Reader(DbCommand command, DbCommandInterceptionContext interceptionContext)
   在 System.Data.Entity.Core.EntityClient.Internal.EntityCommandDefinition.ExecuteStoreCommands(EntityCommand entityCommand, CommandBehavior behavior)
   --- 内部异常堆栈跟踪的结尾 ---
   在 System.Data.Entity.Core.EntityClient.Internal.EntityCommandDefinition.ExecuteStoreCommands(EntityCommand entityCommand, CommandBehavior behavior)
   在 System.Data.Entity.Core.Objects.Internal.ObjectQueryExecutionPlan.Execute[TResultType](ObjectContext context, ObjectParameterCollection parameterValues)
   在 System.Data.Entity.Core.Objects.ObjectContext.ExecuteInTransaction[T](Func`1 func, IDbExecutionStrategy executionStrategy, Boolean startLocalTransaction, Boolean releaseConnectionOnSuccess)
   在 System.Data.Entity.Core.Objects.ObjectQuery`1.<>c__DisplayClass7.<GetResults>b__5()
   在 System.Data.Entity.SqlServer.DefaultSqlExecutionStrategy.Execute[TResult](Func`1 operation)
   在 System.Data.Entity.Core.Objects.ObjectQuery`1.GetResults(Nullable`1 forMergeOption)
   在 System.Data.Entity.Core.Objects.ObjectQuery`1.<System.Collections.Generic.IEnumerable<T>.GetEnumerator>b__0()
   在 System.Data.Entity.Internal.LazyEnumerator`1.MoveNext()
   在 System.Collections.Generic.List`1..ctor(IEnumerable`1 collection)
   在 System.Linq.Enumerable.ToList[TSource](IEnumerable`1 source)
   在 Yanzi.Core.Kendoui.QueryableExtensions.ToDataSourceResult[T](IQueryable`1 queryable, Int32 take, Int32 skip, IEnumerable`1 sort, Filter filter, IEnumerable`1 aggregates, IEnumerable`1 group, Expression`1 where) 位置 D:\fxlweb\AALifeWeb2018\AALife.Core\Kendoui\QueryableExtensions.cs:行号 115
   在 Yanzi.Core.Kendoui.QueryableExtensions.ToDataSourceResult[T](IQueryable`1 queryable, DataSourceRequest request) 位置 D:\fxlweb\AALifeWeb2018\AALife.Core\Kendoui\QueryableExtensions.cs:行号 21
   在 AALife.Service.Kendoui.BaseService`1.GetKendoDataSource(DataSourceRequest request) 位置 D:\fxlweb\AALifeWeb2018\AALife.Service\Kendoui\BaseService.cs:行号 56
   在 ItemTable.GetItemTable(DataSourceRequest query) 位置 d:\fxlweb\AALifeWeb2018\AALife.Web\api\ItemTableKendo.asmx:行号 41
2019-11-28 16:36:26.8547|ERROR|ItemTable|System.Data.Entity.Core.EntityCommandExecutionException: 执行命令定义时出错。有关详细信息，请参阅内部异常。 ---> System.Data.SqlClient.SqlException: 执行超时已过期。完成操作之前已超时或服务器未响应。  ---> System.ComponentModel.Win32Exception: 等待的操作过时。
   --- 内部异常堆栈跟踪的结尾 ---
   在 System.Data.SqlClient.SqlConnection.OnError(SqlException exception, Boolean breakConnection, Action`1 wrapCloseInAction)
   在 System.Data.SqlClient.TdsParser.ThrowExceptionAndWarning(TdsParserStateObject stateObj, Boolean callerHasConnectionLock, Boolean asyncClose)
   在 System.Data.SqlClient.TdsParser.TryRun(RunBehavior runBehavior, SqlCommand cmdHandler, SqlDataReader dataStream, BulkCopySimpleResultSet bulkCopyHandler, TdsParserStateObject stateObj, Boolean& dataReady)
   在 System.Data.SqlClient.SqlDataReader.TryConsumeMetaData()
   在 System.Data.SqlClient.SqlDataReader.get_MetaData()
   在 System.Data.SqlClient.SqlCommand.FinishExecuteReader(SqlDataReader ds, RunBehavior runBehavior, String resetOptionsString, Boolean isInternal, Boolean forDescribeParameterEncryption, Boolean shouldCacheForAlwaysEncrypted)
   在 System.Data.SqlClient.SqlCommand.RunExecuteReaderTds(CommandBehavior cmdBehavior, RunBehavior runBehavior, Boolean returnStream, Boolean async, Int32 timeout, Task& task, Boolean asyncWrite, Boolean inRetry, SqlDataReader ds, Boolean describeParameterEncryptionRequest)
   在 System.Data.SqlClient.SqlCommand.RunExecuteReader(CommandBehavior cmdBehavior, RunBehavior runBehavior, Boolean returnStream, String method, TaskCompletionSource`1 completion, Int32 timeout, Task& task, Boolean& usedCache, Boolean asyncWrite, Boolean inRetry)
   在 System.Data.SqlClient.SqlCommand.RunExecuteReader(CommandBehavior cmdBehavior, RunBehavior runBehavior, Boolean returnStream, String method)
   在 System.Data.SqlClient.SqlCommand.ExecuteReader(CommandBehavior behavior, String method)
   在 System.Data.Entity.Infrastructure.Interception.InternalDispatcher`1.Dispatch[TTarget,TInterceptionContext,TResult](TTarget target, Func`3 operation, TInterceptionContext interceptionContext, Action`3 executing, Action`3 executed)
   在 System.Data.Entity.Infrastructure.Interception.DbCommandDispatcher.Reader(DbCommand command, DbCommandInterceptionContext interceptionContext)
   在 System.Data.Entity.Core.EntityClient.Internal.EntityCommandDefinition.ExecuteStoreCommands(EntityCommand entityCommand, CommandBehavior behavior)
   --- 内部异常堆栈跟踪的结尾 ---
   在 System.Data.Entity.Core.EntityClient.Internal.EntityCommandDefinition.ExecuteStoreCommands(EntityCommand entityCommand, CommandBehavior behavior)
   在 System.Data.Entity.Core.Objects.Internal.ObjectQueryExecutionPlan.Execute[TResultType](ObjectContext context, ObjectParameterCollection parameterValues)
   在 System.Data.Entity.Core.Objects.ObjectContext.ExecuteInTransaction[T](Func`1 func, IDbExecutionStrategy executionStrategy, Boolean startLocalTransaction, Boolean releaseConnectionOnSuccess)
   在 System.Data.Entity.Core.Objects.ObjectQuery`1.<>c__DisplayClass7.<GetResults>b__5()
   在 System.Data.Entity.SqlServer.DefaultSqlExecutionStrategy.Execute[TResult](Func`1 operation)
   在 System.Data.Entity.Core.Objects.ObjectQuery`1.GetResults(Nullable`1 forMergeOption)
   在 System.Data.Entity.Core.Objects.ObjectQuery`1.<System.Collections.Generic.IEnumerable<T>.GetEnumerator>b__0()
   在 System.Data.Entity.Internal.LazyEnumerator`1.MoveNext()
   在 System.Collections.Generic.List`1..ctor(IEnumerable`1 collection)
   在 System.Linq.Enumerable.ToList[TSource](IEnumerable`1 source)
   在 Yanzi.Core.Kendoui.QueryableExtensions.ToDataSourceResult[T](IQueryable`1 queryable, Int32 take, Int32 skip, IEnumerable`1 sort, Filter filter, IEnumerable`1 aggregates, IEnumerable`1 group, Expression`1 where) 位置 D:\fxlweb\AALifeWeb2018\AALife.Core\Kendoui\QueryableExtensions.cs:行号 110
   在 Yanzi.Core.Kendoui.QueryableExtensions.ToDataSourceResult[T](IQueryable`1 queryable, DataSourceRequest request) 位置 D:\fxlweb\AALifeWeb2018\AALife.Core\Kendoui\QueryableExtensions.cs:行号 21
   在 AALife.Service.Kendoui.BaseService`1.GetKendoDataSource(DataSourceRequest request) 位置 D:\fxlweb\AALifeWeb2018\AALife.Service\Kendoui\BaseService.cs:行号 56
   在 ItemTable.GetItemTable(DataSourceRequest query) 位置 d:\fxlweb\AALifeWeb2018\AALife.Web\api\ItemTableKendo.asmx:行号 41
2019-11-28 18:07:06.5427|ERROR|ItemTable|System.NotSupportedException: 仅对 LINQ to Entities 中已排序的输入支持方法“Skip”。必须在调用“Skip”方法之前调用方法“OrderBy”。
   在 System.Data.Entity.Core.Objects.ELinq.ExpressionConverter.OrderByLifter.PassthroughOrderByLifter.Skip(DbExpression k)
   在 System.Data.Entity.Core.Objects.ELinq.ExpressionConverter.Skip(DbExpressionBinding input, DbExpression skipCount)
   在 System.Data.Entity.Core.Objects.ELinq.ExpressionConverter.MethodCallTranslator.PagingTranslator.TranslateUnary(ExpressionConverter parent, DbExpression operand, MethodCallExpression call)
   在 System.Data.Entity.Core.Objects.ELinq.ExpressionConverter.MethodCallTranslator.TypedTranslate(ExpressionConverter parent, MethodCallExpression linq)
   在 System.Data.Entity.Core.Objects.ELinq.ExpressionConverter.TranslateExpression(Expression linq)
   在 System.Data.Entity.Core.Objects.ELinq.ExpressionConverter.MethodCallTranslator.UnarySequenceMethodTranslator.Translate(ExpressionConverter parent, MethodCallExpression call)
   在 System.Data.Entity.Core.Objects.ELinq.ExpressionConverter.MethodCallTranslator.TypedTranslate(ExpressionConverter parent, MethodCallExpression linq)
   在 System.Data.Entity.Core.Objects.ELinq.ExpressionConverter.TranslateExpression(Expression linq)
   在 System.Data.Entity.Core.Objects.ELinq.ExpressionConverter.Convert()
   在 System.Data.Entity.Core.Objects.ELinq.ELinqQueryState.GetExecutionPlan(Nullable`1 forMergeOption)
   在 System.Data.Entity.Core.Objects.ObjectQuery`1.<>c__DisplayClass7.<GetResults>b__6()
   在 System.Data.Entity.Core.Objects.ObjectContext.ExecuteInTransaction[T](Func`1 func, IDbExecutionStrategy executionStrategy, Boolean startLocalTransaction, Boolean releaseConnectionOnSuccess)
   在 System.Data.Entity.Core.Objects.ObjectQuery`1.<>c__DisplayClass7.<GetResults>b__5()
   在 System.Data.Entity.SqlServer.DefaultSqlExecutionStrategy.Execute[TResult](Func`1 operation)
   在 System.Data.Entity.Core.Objects.ObjectQuery`1.GetResults(Nullable`1 forMergeOption)
   在 System.Data.Entity.Core.Objects.ObjectQuery`1.<System.Collections.Generic.IEnumerable<T>.GetEnumerator>b__0()
   在 System.Data.Entity.Internal.LazyEnumerator`1.MoveNext()
   在 System.Collections.Generic.List`1..ctor(IEnumerable`1 collection)
   在 System.Linq.Enumerable.ToList[TSource](IEnumerable`1 source)
   在 Yanzi.Core.Kendoui.QueryableExtensions.ToDataSourceResult[T](IQueryable`1 queryable, Int32 take, Int32 skip, IEnumerable`1 sort, Filter filter, IEnumerable`1 aggregates, IEnumerable`1 group, Expression`1 where, Expression`1 order) 位置 D:\fxlweb\AALifeWeb2018\AALife.Core\Kendoui\QueryableExtensions.cs:行号 115
   在 Yanzi.Core.Kendoui.QueryableExtensions.ToDataSourceResult[T](IQueryable`1 queryable, DataSourceRequest request, Expression`1 order) 位置 D:\fxlweb\AALifeWeb2018\AALife.Core\Kendoui\QueryableExtensions.cs:行号 21
   在 AALife.Service.Kendoui.BaseService`1.GetKendoDataSource(DataSourceRequest request, Expression`1 order) 位置 D:\fxlweb\AALifeWeb2018\AALife.Service\Kendoui\BaseService.cs:行号 56
   在 ItemTable.GetItemTable(DataSourceRequest query) 位置 d:\fxlweb\AALifeWeb2018\AALife.Web\api\ItemTableKendo.asmx:行号 41
2019-11-28 18:12:06.2799|ERROR|ItemTable|System.NotSupportedException: 仅对 LINQ to Entities 中已排序的输入支持方法“Skip”。必须在调用“Skip”方法之前调用方法“OrderBy”。
   在 System.Data.Entity.Core.Objects.ELinq.ExpressionConverter.OrderByLifter.PassthroughOrderByLifter.Skip(DbExpression k)
   在 System.Data.Entity.Core.Objects.ELinq.ExpressionConverter.Skip(DbExpressionBinding input, DbExpression skipCount)
   在 System.Data.Entity.Core.Objects.ELinq.ExpressionConverter.MethodCallTranslator.PagingTranslator.TranslateUnary(ExpressionConverter parent, DbExpression operand, MethodCallExpression call)
   在 System.Data.Entity.Core.Objects.ELinq.ExpressionConverter.MethodCallTranslator.TypedTranslate(ExpressionConverter parent, MethodCallExpression linq)
   在 System.Data.Entity.Core.Objects.ELinq.ExpressionConverter.TranslateExpression(Expression linq)
   在 System.Data.Entity.Core.Objects.ELinq.ExpressionConverter.MethodCallTranslator.UnarySequenceMethodTranslator.Translate(ExpressionConverter parent, MethodCallExpression call)
   在 System.Data.Entity.Core.Objects.ELinq.ExpressionConverter.MethodCallTranslator.TypedTranslate(ExpressionConverter parent, MethodCallExpression linq)
   在 System.Data.Entity.Core.Objects.ELinq.ExpressionConverter.TranslateExpression(Expression linq)
   在 System.Data.Entity.Core.Objects.ELinq.ExpressionConverter.Convert()
   在 System.Data.Entity.Core.Objects.ELinq.ELinqQueryState.GetExecutionPlan(Nullable`1 forMergeOption)
   在 System.Data.Entity.Core.Objects.ObjectQuery`1.<>c__DisplayClass7.<GetResults>b__6()
   在 System.Data.Entity.Core.Objects.ObjectContext.ExecuteInTransaction[T](Func`1 func, IDbExecutionStrategy executionStrategy, Boolean startLocalTransaction, Boolean releaseConnectionOnSuccess)
   在 System.Data.Entity.Core.Objects.ObjectQuery`1.<>c__DisplayClass7.<GetResults>b__5()
   在 System.Data.Entity.SqlServer.DefaultSqlExecutionStrategy.Execute[TResult](Func`1 operation)
   在 System.Data.Entity.Core.Objects.ObjectQuery`1.GetResults(Nullable`1 forMergeOption)
   在 System.Data.Entity.Core.Objects.ObjectQuery`1.<System.Collections.Generic.IEnumerable<T>.GetEnumerator>b__0()
   在 System.Data.Entity.Internal.LazyEnumerator`1.MoveNext()
   在 System.Collections.Generic.List`1..ctor(IEnumerable`1 collection)
   在 System.Linq.Enumerable.ToList[TSource](IEnumerable`1 source)
   在 Yanzi.Core.Kendoui.QueryableExtensions.ToDataSourceResult[T](IQueryable`1 queryable, Int32 take, Int32 skip, IEnumerable`1 sort, Filter filter, IEnumerable`1 aggregates, IEnumerable`1 group, Expression`1 where, Expression`1 order) 位置 D:\fxlweb\AALifeWeb2018\AALife.Core\Kendoui\QueryableExtensions.cs:行号 115
   在 Yanzi.Core.Kendoui.QueryableExtensions.ToDataSourceResult[T](IQueryable`1 queryable, DataSourceRequest request, Expression`1 order) 位置 D:\fxlweb\AALifeWeb2018\AALife.Core\Kendoui\QueryableExtensions.cs:行号 21
   在 AALife.Service.Kendoui.BaseService`1.GetKendoDataSource(DataSourceRequest request, Expression`1 order) 位置 D:\fxlweb\AALifeWeb2018\AALife.Service\Kendoui\BaseService.cs:行号 56
   在 ItemTable.GetItemTable(DataSourceRequest query) 位置 d:\fxlweb\AALifeWeb2018\AALife.Web\api\ItemTableKendo.asmx:行号 41
2019-11-28 18:12:34.1173|ERROR|ItemTable|System.NotSupportedException: 仅对 LINQ to Entities 中已排序的输入支持方法“Skip”。必须在调用“Skip”方法之前调用方法“OrderBy”。
   在 System.Data.Entity.Core.Objects.ELinq.ExpressionConverter.OrderByLifter.PassthroughOrderByLifter.Skip(DbExpression k)
   在 System.Data.Entity.Core.Objects.ELinq.ExpressionConverter.Skip(DbExpressionBinding input, DbExpression skipCount)
   在 System.Data.Entity.Core.Objects.ELinq.ExpressionConverter.MethodCallTranslator.PagingTranslator.TranslateUnary(ExpressionConverter parent, DbExpression operand, MethodCallExpression call)
   在 System.Data.Entity.Core.Objects.ELinq.ExpressionConverter.MethodCallTranslator.TypedTranslate(ExpressionConverter parent, MethodCallExpression linq)
   在 System.Data.Entity.Core.Objects.ELinq.ExpressionConverter.TranslateExpression(Expression linq)
   在 System.Data.Entity.Core.Objects.ELinq.ExpressionConverter.MethodCallTranslator.UnarySequenceMethodTranslator.Translate(ExpressionConverter parent, MethodCallExpression call)
   在 System.Data.Entity.Core.Objects.ELinq.ExpressionConverter.MethodCallTranslator.TypedTranslate(ExpressionConverter parent, MethodCallExpression linq)
   在 System.Data.Entity.Core.Objects.ELinq.ExpressionConverter.TranslateExpression(Expression linq)
   在 System.Data.Entity.Core.Objects.ELinq.ExpressionConverter.Convert()
   在 System.Data.Entity.Core.Objects.ELinq.ELinqQueryState.GetExecutionPlan(Nullable`1 forMergeOption)
   在 System.Data.Entity.Core.Objects.ObjectQuery`1.<>c__DisplayClass7.<GetResults>b__6()
   在 System.Data.Entity.Core.Objects.ObjectContext.ExecuteInTransaction[T](Func`1 func, IDbExecutionStrategy executionStrategy, Boolean startLocalTransaction, Boolean releaseConnectionOnSuccess)
   在 System.Data.Entity.Core.Objects.ObjectQuery`1.<>c__DisplayClass7.<GetResults>b__5()
   在 System.Data.Entity.SqlServer.DefaultSqlExecutionStrategy.Execute[TResult](Func`1 operation)
   在 System.Data.Entity.Core.Objects.ObjectQuery`1.GetResults(Nullable`1 forMergeOption)
   在 System.Data.Entity.Core.Objects.ObjectQuery`1.<System.Collections.Generic.IEnumerable<T>.GetEnumerator>b__0()
   在 System.Data.Entity.Internal.LazyEnumerator`1.MoveNext()
   在 System.Collections.Generic.List`1..ctor(IEnumerable`1 collection)
   在 System.Linq.Enumerable.ToList[TSource](IEnumerable`1 source)
   在 Yanzi.Core.Kendoui.QueryableExtensions.ToDataSourceResult[T](IQueryable`1 queryable, Int32 take, Int32 skip, IEnumerable`1 sort, Filter filter, IEnumerable`1 aggregates, IEnumerable`1 group, Expression`1 where, Expression`1 order) 位置 D:\fxlweb\AALifeWeb2018\AALife.Core\Kendoui\QueryableExtensions.cs:行号 115
   在 Yanzi.Core.Kendoui.QueryableExtensions.ToDataSourceResult[T](IQueryable`1 queryable, DataSourceRequest request, Expression`1 order) 位置 D:\fxlweb\AALifeWeb2018\AALife.Core\Kendoui\QueryableExtensions.cs:行号 21
   在 AALife.Service.Kendoui.BaseService`1.GetKendoDataSource(DataSourceRequest request, Expression`1 order) 位置 D:\fxlweb\AALifeWeb2018\AALife.Service\Kendoui\BaseService.cs:行号 56
   在 ItemTable.GetItemTable(DataSourceRequest query) 位置 d:\fxlweb\AALifeWeb2018\AALife.Web\api\ItemTableKendo.asmx:行号 41
2019-11-28 18:14:25.7218|ERROR|ItemTable|System.NotSupportedException: 仅对 LINQ to Entities 中已排序的输入支持方法“Skip”。必须在调用“Skip”方法之前调用方法“OrderBy”。
   在 System.Data.Entity.Core.Objects.ELinq.ExpressionConverter.OrderByLifter.PassthroughOrderByLifter.Skip(DbExpression k)
   在 System.Data.Entity.Core.Objects.ELinq.ExpressionConverter.Skip(DbExpressionBinding input, DbExpression skipCount)
   在 System.Data.Entity.Core.Objects.ELinq.ExpressionConverter.MethodCallTranslator.PagingTranslator.TranslateUnary(ExpressionConverter parent, DbExpression operand, MethodCallExpression call)
   在 System.Data.Entity.Core.Objects.ELinq.ExpressionConverter.MethodCallTranslator.TypedTranslate(ExpressionConverter parent, MethodCallExpression linq)
   在 System.Data.Entity.Core.Objects.ELinq.ExpressionConverter.TranslateExpression(Expression linq)
   在 System.Data.Entity.Core.Objects.ELinq.ExpressionConverter.MethodCallTranslator.UnarySequenceMethodTranslator.Translate(ExpressionConverter parent, MethodCallExpression call)
   在 System.Data.Entity.Core.Objects.ELinq.ExpressionConverter.MethodCallTranslator.TypedTranslate(ExpressionConverter parent, MethodCallExpression linq)
   在 System.Data.Entity.Core.Objects.ELinq.ExpressionConverter.TranslateExpression(Expression linq)
   在 System.Data.Entity.Core.Objects.ELinq.ExpressionConverter.Convert()
   在 System.Data.Entity.Core.Objects.ELinq.ELinqQueryState.GetExecutionPlan(Nullable`1 forMergeOption)
   在 System.Data.Entity.Core.Objects.ObjectQuery`1.<>c__DisplayClass7.<GetResults>b__6()
   在 System.Data.Entity.Core.Objects.ObjectContext.ExecuteInTransaction[T](Func`1 func, IDbExecutionStrategy executionStrategy, Boolean startLocalTransaction, Boolean releaseConnectionOnSuccess)
   在 System.Data.Entity.Core.Objects.ObjectQuery`1.<>c__DisplayClass7.<GetResults>b__5()
   在 System.Data.Entity.SqlServer.DefaultSqlExecutionStrategy.Execute[TResult](Func`1 operation)
   在 System.Data.Entity.Core.Objects.ObjectQuery`1.GetResults(Nullable`1 forMergeOption)
   在 System.Data.Entity.Core.Objects.ObjectQuery`1.<System.Collections.Generic.IEnumerable<T>.GetEnumerator>b__0()
   在 System.Data.Entity.Internal.LazyEnumerator`1.MoveNext()
   在 System.Collections.Generic.List`1..ctor(IEnumerable`1 collection)
   在 System.Linq.Enumerable.ToList[TSource](IEnumerable`1 source)
   在 Yanzi.Core.Kendoui.QueryableExtensions.ToDataSourceResult[T](IQueryable`1 queryable, Int32 take, Int32 skip, IEnumerable`1 sort, Filter filter, IEnumerable`1 aggregates, IEnumerable`1 group, Expression`1 where, Expression`1 order) 位置 D:\fxlweb\AALifeWeb2018\AALife.Core\Kendoui\QueryableExtensions.cs:行号 115
   在 Yanzi.Core.Kendoui.QueryableExtensions.ToDataSourceResult[T](IQueryable`1 queryable, DataSourceRequest request, Expression`1 order) 位置 D:\fxlweb\AALifeWeb2018\AALife.Core\Kendoui\QueryableExtensions.cs:行号 21
   在 AALife.Service.Kendoui.BaseService`1.GetKendoDataSource(DataSourceRequest request, Expression`1 order) 位置 D:\fxlweb\AALifeWeb2018\AALife.Service\Kendoui\BaseService.cs:行号 56
   在 ItemTable.GetItemTable(DataSourceRequest query) 位置 d:\fxlweb\AALifeWeb2018\AALife.Web\api\ItemTableKendo.asmx:行号 41
2019-11-28 18:15:23.6876|ERROR|ItemTable|System.NotSupportedException: 无法将类型“System.DateTime”强制转换为类型“System.Object”。LINQ to Entities 仅支持强制转换 EDM 基元或枚举类型。
   在 System.Data.Entity.Core.Objects.ELinq.ExpressionConverter.ValidateAndAdjustCastTypes(TypeUsage toType, TypeUsage fromType, Type toClrType, Type fromClrType)
   在 System.Data.Entity.Core.Objects.ELinq.ExpressionConverter.GetCastTargetType(TypeUsage fromType, Type toClrType, Type fromClrType, Boolean preserveCastForDateTime)
   在 System.Data.Entity.Core.Objects.ELinq.ExpressionConverter.CreateCastExpression(DbExpression source, Type toClrType, Type fromClrType)
   在 System.Data.Entity.Core.Objects.ELinq.ExpressionConverter.ConvertTranslator.TranslateUnary(ExpressionConverter parent, UnaryExpression unary, DbExpression operand)
   在 System.Data.Entity.Core.Objects.ELinq.ExpressionConverter.TranslateExpression(Expression linq)
   在 System.Data.Entity.Core.Objects.ELinq.ExpressionConverter.TranslateLambda(LambdaExpression lambda, DbExpression input)
   在 System.Data.Entity.Core.Objects.ELinq.ExpressionConverter.MethodCallTranslator.OneLambdaTranslator.Translate(ExpressionConverter parent, MethodCallExpression call, DbExpression& source, DbExpressionBinding& sourceBinding, DbExpression& lambda)
   在 System.Data.Entity.Core.Objects.ELinq.ExpressionConverter.MethodCallTranslator.OneLambdaTranslator.Translate(ExpressionConverter parent, MethodCallExpression call)
   在 System.Data.Entity.Core.Objects.ELinq.ExpressionConverter.MethodCallTranslator.TypedTranslate(ExpressionConverter parent, MethodCallExpression linq)
   在 System.Data.Entity.Core.Objects.ELinq.ExpressionConverter.TranslateExpression(Expression linq)
   在 System.Data.Entity.Core.Objects.ELinq.ExpressionConverter.MethodCallTranslator.UnarySequenceMethodTranslator.Translate(ExpressionConverter parent, MethodCallExpression call)
   在 System.Data.Entity.Core.Objects.ELinq.ExpressionConverter.MethodCallTranslator.TypedTranslate(ExpressionConverter parent, MethodCallExpression linq)
   在 System.Data.Entity.Core.Objects.ELinq.ExpressionConverter.TranslateExpression(Expression linq)
   在 System.Data.Entity.Core.Objects.ELinq.ExpressionConverter.MethodCallTranslator.UnarySequenceMethodTranslator.Translate(ExpressionConverter parent, MethodCallExpression call)
   在 System.Data.Entity.Core.Objects.ELinq.ExpressionConverter.MethodCallTranslator.TypedTranslate(ExpressionConverter parent, MethodCallExpression linq)
   在 System.Data.Entity.Core.Objects.ELinq.ExpressionConverter.TranslateExpression(Expression linq)
   在 System.Data.Entity.Core.Objects.ELinq.ExpressionConverter.Convert()
   在 System.Data.Entity.Core.Objects.ELinq.ELinqQueryState.GetExecutionPlan(Nullable`1 forMergeOption)
   在 System.Data.Entity.Core.Objects.ObjectQuery`1.<>c__DisplayClass7.<GetResults>b__6()
   在 System.Data.Entity.Core.Objects.ObjectContext.ExecuteInTransaction[T](Func`1 func, IDbExecutionStrategy executionStrategy, Boolean startLocalTransaction, Boolean releaseConnectionOnSuccess)
   在 System.Data.Entity.Core.Objects.ObjectQuery`1.<>c__DisplayClass7.<GetResults>b__5()
   在 System.Data.Entity.SqlServer.DefaultSqlExecutionStrategy.Execute[TResult](Func`1 operation)
   在 System.Data.Entity.Core.Objects.ObjectQuery`1.GetResults(Nullable`1 forMergeOption)
   在 System.Data.Entity.Core.Objects.ObjectQuery`1.<System.Collections.Generic.IEnumerable<T>.GetEnumerator>b__0()
   在 System.Data.Entity.Internal.LazyEnumerator`1.MoveNext()
   在 System.Collections.Generic.List`1..ctor(IEnumerable`1 collection)
   在 System.Linq.Enumerable.ToList[TSource](IEnumerable`1 source)
   在 Yanzi.Core.Kendoui.QueryableExtensions.ToDataSourceResult[T](IQueryable`1 queryable, Int32 take, Int32 skip, IEnumerable`1 sort, Filter filter, IEnumerable`1 aggregates, IEnumerable`1 group, Expression`1 where, Expression`1 order) 位置 D:\fxlweb\AALifeWeb2018\AALife.Core\Kendoui\QueryableExtensions.cs:行号 115
   在 Yanzi.Core.Kendoui.QueryableExtensions.ToDataSourceResult[T](IQueryable`1 queryable, DataSourceRequest request, Expression`1 order) 位置 D:\fxlweb\AALifeWeb2018\AALife.Core\Kendoui\QueryableExtensions.cs:行号 21
   在 AALife.Service.Kendoui.BaseService`1.GetKendoDataSource(DataSourceRequest request, Expression`1 order) 位置 D:\fxlweb\AALifeWeb2018\AALife.Service\Kendoui\BaseService.cs:行号 56
   在 ItemTable.GetItemTable(DataSourceRequest query) 位置 d:\fxlweb\AALifeWeb2018\AALife.Web\api\ItemTableKendo.asmx:行号 41
2019-11-28 18:16:21.2045|ERROR|ItemTable|System.NotSupportedException: 无法将类型“System.DateTime”强制转换为类型“System.Object”。LINQ to Entities 仅支持强制转换 EDM 基元或枚举类型。
   在 System.Data.Entity.Core.Objects.ELinq.ExpressionConverter.ValidateAndAdjustCastTypes(TypeUsage toType, TypeUsage fromType, Type toClrType, Type fromClrType)
   在 System.Data.Entity.Core.Objects.ELinq.ExpressionConverter.GetCastTargetType(TypeUsage fromType, Type toClrType, Type fromClrType, Boolean preserveCastForDateTime)
   在 System.Data.Entity.Core.Objects.ELinq.ExpressionConverter.CreateCastExpression(DbExpression source, Type toClrType, Type fromClrType)
   在 System.Data.Entity.Core.Objects.ELinq.ExpressionConverter.ConvertTranslator.TranslateUnary(ExpressionConverter parent, UnaryExpression unary, DbExpression operand)
   在 System.Data.Entity.Core.Objects.ELinq.ExpressionConverter.TranslateExpression(Expression linq)
   在 System.Data.Entity.Core.Objects.ELinq.ExpressionConverter.TranslateLambda(LambdaExpression lambda, DbExpression input)
   在 System.Data.Entity.Core.Objects.ELinq.ExpressionConverter.MethodCallTranslator.OneLambdaTranslator.Translate(ExpressionConverter parent, MethodCallExpression call, DbExpression& source, DbExpressionBinding& sourceBinding, DbExpression& lambda)
   在 System.Data.Entity.Core.Objects.ELinq.ExpressionConverter.MethodCallTranslator.OneLambdaTranslator.Translate(ExpressionConverter parent, MethodCallExpression call)
   在 System.Data.Entity.Core.Objects.ELinq.ExpressionConverter.MethodCallTranslator.TypedTranslate(ExpressionConverter parent, MethodCallExpression linq)
   在 System.Data.Entity.Core.Objects.ELinq.ExpressionConverter.TranslateExpression(Expression linq)
   在 System.Data.Entity.Core.Objects.ELinq.ExpressionConverter.MethodCallTranslator.UnarySequenceMethodTranslator.Translate(ExpressionConverter parent, MethodCallExpression call)
   在 System.Data.Entity.Core.Objects.ELinq.ExpressionConverter.MethodCallTranslator.TypedTranslate(ExpressionConverter parent, MethodCallExpression linq)
   在 System.Data.Entity.Core.Objects.ELinq.ExpressionConverter.TranslateExpression(Expression linq)
   在 System.Data.Entity.Core.Objects.ELinq.ExpressionConverter.MethodCallTranslator.UnarySequenceMethodTranslator.Translate(ExpressionConverter parent, MethodCallExpression call)
   在 System.Data.Entity.Core.Objects.ELinq.ExpressionConverter.MethodCallTranslator.TypedTranslate(ExpressionConverter parent, MethodCallExpression linq)
   在 System.Data.Entity.Core.Objects.ELinq.ExpressionConverter.TranslateExpression(Expression linq)
   在 System.Data.Entity.Core.Objects.ELinq.ExpressionConverter.Convert()
   在 System.Data.Entity.Core.Objects.ELinq.ELinqQueryState.GetExecutionPlan(Nullable`1 forMergeOption)
   在 System.Data.Entity.Core.Objects.ObjectQuery`1.<>c__DisplayClass7.<GetResults>b__6()
   在 System.Data.Entity.Core.Objects.ObjectContext.ExecuteInTransaction[T](Func`1 func, IDbExecutionStrategy executionStrategy, Boolean startLocalTransaction, Boolean releaseConnectionOnSuccess)
   在 System.Data.Entity.Core.Objects.ObjectQuery`1.<>c__DisplayClass7.<GetResults>b__5()
   在 System.Data.Entity.SqlServer.DefaultSqlExecutionStrategy.Execute[TResult](Func`1 operation)
   在 System.Data.Entity.Core.Objects.ObjectQuery`1.GetResults(Nullable`1 forMergeOption)
   在 System.Data.Entity.Core.Objects.ObjectQuery`1.<System.Collections.Generic.IEnumerable<T>.GetEnumerator>b__0()
   在 System.Data.Entity.Internal.LazyEnumerator`1.MoveNext()
   在 System.Collections.Generic.List`1..ctor(IEnumerable`1 collection)
   在 System.Linq.Enumerable.ToList[TSource](IEnumerable`1 source)
   在 Yanzi.Core.Kendoui.QueryableExtensions.ToDataSourceResult[T](IQueryable`1 queryable, Int32 take, Int32 skip, IEnumerable`1 sort, Filter filter, IEnumerable`1 aggregates, IEnumerable`1 group, Expression`1 where, Expression`1 order) 位置 D:\fxlweb\AALifeWeb2018\AALife.Core\Kendoui\QueryableExtensions.cs:行号 115
   在 Yanzi.Core.Kendoui.QueryableExtensions.ToDataSourceResult[T](IQueryable`1 queryable, DataSourceRequest request, Expression`1 order) 位置 D:\fxlweb\AALifeWeb2018\AALife.Core\Kendoui\QueryableExtensions.cs:行号 21
   在 AALife.Service.Kendoui.BaseService`1.GetKendoDataSource(DataSourceRequest request, Expression`1 order) 位置 D:\fxlweb\AALifeWeb2018\AALife.Service\Kendoui\BaseService.cs:行号 56
   在 ItemTable.GetItemTable(DataSourceRequest query) 位置 d:\fxlweb\AALifeWeb2018\AALife.Web\api\ItemTableKendo.asmx:行号 41
