2019-12-01 00:23:32.3271|ERROR|ItemTable|Expression of type 'Boolean' expected (at index 0)
2019-12-01 00:42:09.8486|ERROR|ItemTable|System.ArgumentNullException: 值不能为 null。
参数名: values
   在 System.String.Join(String separator, IEnumerable`1 values)
   在 AALife.Service.Dapper.ItemTableBLL.<>c__DisplayClass1_0.<GetDapperDataSource>b__2(Group x) 位置 D:\fxlweb\AALifeWeb2018\AALife.Service\Dapper\ItemTableBLL.cs:行号 102
   在 System.Collections.Generic.List`1.ForEach(Action`1 action)
   在 AALife.Service.Dapper.ItemTableBLL.GetDapperDataSource(DataSourceRequest request) 位置 D:\fxlweb\AALifeWeb2018\AALife.Service\Dapper\ItemTableBLL.cs:行号 100
   在 ItemTable.GetItemTable(DataSourceRequest query) 位置 d:\fxlweb\AALifeWeb2018\AALife.Web\api\ItemTableDapper.asmx:行号 35
2019-12-01 01:02:10.6432|ERROR|ItemTable|System.InvalidCastException: 无法将类型为“System.DateTime”的对象强制转换为类型“System.String”。
   在 AALife.Service.Dapper.ItemTableBLL.<>c__DisplayClass1_0.<GetDapperDataSource>b__2(Group x) 位置 D:\fxlweb\AALifeWeb2018\AALife.Service\Dapper\ItemTableBLL.cs:行号 107
   在 System.Collections.Generic.List`1.ForEach(Action`1 action)
   在 AALife.Service.Dapper.ItemTableBLL.GetDapperDataSource(DataSourceRequest request) 位置 D:\fxlweb\AALifeWeb2018\AALife.Service\Dapper\ItemTableBLL.cs:行号 101
   在 ItemTable.GetItemTable(DataSourceRequest query) 位置 d:\fxlweb\AALifeWeb2018\AALife.Web\api\ItemTableDapper.asmx:行号 35
2019-12-01 01:02:42.4669|ERROR|ItemTable|System.InvalidCastException: 无法将类型为“System.DateTime”的对象强制转换为类型“System.String”。
   在 AALife.Service.Dapper.ItemTableBLL.<>c__DisplayClass1_0.<GetDapperDataSource>b__2(Group x) 位置 D:\fxlweb\AALifeWeb2018\AALife.Service\Dapper\ItemTableBLL.cs:行号 107
   在 System.Collections.Generic.List`1.ForEach(Action`1 action)
   在 AALife.Service.Dapper.ItemTableBLL.GetDapperDataSource(DataSourceRequest request) 位置 D:\fxlweb\AALifeWeb2018\AALife.Service\Dapper\ItemTableBLL.cs:行号 101
   在 ItemTable.GetItemTable(DataSourceRequest query) 位置 d:\fxlweb\AALifeWeb2018\AALife.Web\api\ItemTableDapper.asmx:行号 35
2019-12-01 01:05:36.5285|ERROR|ItemTable|System.InvalidCastException: 无法将类型为“System.Int32”的对象强制转换为类型“System.String”。
   在 AALife.Service.Dapper.ItemTableBLL.<>c__DisplayClass1_0.<GetDapperDataSource>b__2(Group x) 位置 D:\fxlweb\AALifeWeb2018\AALife.Service\Dapper\ItemTableBLL.cs:行号 107
   在 System.Collections.Generic.List`1.ForEach(Action`1 action)
   在 AALife.Service.Dapper.ItemTableBLL.GetDapperDataSource(DataSourceRequest request) 位置 D:\fxlweb\AALifeWeb2018\AALife.Service\Dapper\ItemTableBLL.cs:行号 101
   在 ItemTable.GetItemTable(DataSourceRequest query) 位置 d:\fxlweb\AALifeWeb2018\AALife.Web\api\ItemTableDapper.asmx:行号 35
2019-12-01 01:05:57.9950|ERROR|ItemTable|System.InvalidCastException: 无法将类型为“System.Int32”的对象强制转换为类型“System.String”。
   在 AALife.Service.Dapper.ItemTableBLL.<>c__DisplayClass1_0.<GetDapperDataSource>b__2(Group x) 位置 D:\fxlweb\AALifeWeb2018\AALife.Service\Dapper\ItemTableBLL.cs:行号 107
   在 System.Collections.Generic.List`1.ForEach(Action`1 action)
   在 AALife.Service.Dapper.ItemTableBLL.GetDapperDataSource(DataSourceRequest request) 位置 D:\fxlweb\AALifeWeb2018\AALife.Service\Dapper\ItemTableBLL.cs:行号 101
   在 ItemTable.GetItemTable(DataSourceRequest query) 位置 d:\fxlweb\AALifeWeb2018\AALife.Web\api\ItemTableDapper.asmx:行号 35
2019-12-01 16:49:47.1722|ERROR|ItemTable|System.Data.SqlClient.SqlException (0x80131904): 在 sys.servers 中找不到服务器 'AALife'。请验证指定的服务器名称是否正确。如果需要，请执行存储过程 sp_addlinkedserver 以将服务器添加到 sys.servers。
   在 System.Data.SqlClient.SqlConnection.OnError(SqlException exception, Boolean breakConnection, Action`1 wrapCloseInAction)
   在 System.Data.SqlClient.TdsParser.ThrowExceptionAndWarning(TdsParserStateObject stateObj, Boolean callerHasConnectionLock, Boolean asyncClose)
   在 System.Data.SqlClient.TdsParser.TryRun(RunBehavior runBehavior, SqlCommand cmdHandler, SqlDataReader dataStream, BulkCopySimpleResultSet bulkCopyHandler, TdsParserStateObject stateObj, Boolean& dataReady)
   在 System.Data.SqlClient.SqlDataReader.TryConsumeMetaData()
   在 System.Data.SqlClient.SqlDataReader.get_MetaData()
   在 System.Data.SqlClient.SqlCommand.FinishExecuteReader(SqlDataReader ds, RunBehavior runBehavior, String resetOptionsString, Boolean isInternal, Boolean forDescribeParameterEncryption, Boolean shouldCacheForAlwaysEncrypted)
   在 System.Data.SqlClient.SqlCommand.RunExecuteReaderTds(CommandBehavior cmdBehavior, RunBehavior runBehavior, Boolean returnStream, Boolean async, Int32 timeout, Task& task, Boolean asyncWrite, Boolean inRetry, SqlDataReader ds, Boolean describeParameterEncryptionRequest)
   在 System.Data.SqlClient.SqlCommand.RunExecuteReader(CommandBehavior cmdBehavior, RunBehavior runBehavior, Boolean returnStream, String method, TaskCompletionSource`1 completion, Int32 timeout, Task& task, Boolean& usedCache, Boolean asyncWrite, Boolean inRetry)
   在 System.Data.SqlClient.SqlCommand.RunExecuteReader(CommandBehavior cmdBehavior, RunBehavior runBehavior, Boolean returnStream, String method)
   在 System.Data.SqlClient.SqlCommand.ExecuteReader(CommandBehavior behavior, String method)
   在 Dapper.SqlMapper.ExecuteReaderWithFlagsFallback(IDbCommand cmd, Boolean wasClosed, CommandBehavior behavior)
   在 Dapper.SqlMapper.<QueryImpl>d__138`1.MoveNext()
   在 System.Collections.Generic.List`1..ctor(IEnumerable`1 collection)
   在 System.Linq.Enumerable.ToList[TSource](IEnumerable`1 source)
   在 Dapper.SqlMapper.Query[T](IDbConnection cnn, String sql, Object param, IDbTransaction transaction, Boolean buffered, Nullable`1 commandTimeout, Nullable`1 commandType)
   在 Yanzi.Core.KendoDapper.QueryableExtensions.ToDataSourceResult[T](Int32 page, Int32 pageSize, IEnumerable`1 sort, Filter filter, IEnumerable`1 aggregates, IEnumerable`1 group, String defaultOrder) 位置 D:\fxlweb\AALifeWeb2018\AALife.Core\KendoDapper\QueryableExtensions.cs:行号 82
   在 Yanzi.Core.KendoDapper.QueryableExtensions.ToDataSourceResult[T](DataSourceRequest request, String defaultOrder) 位置 D:\fxlweb\AALifeWeb2018\AALife.Core\KendoDapper\QueryableExtensions.cs:行号 25
   在 AALife.Service.Dapper.ItemTableBLL.GetDapperDataSource(DataSourceRequest request) 位置 D:\fxlweb\AALifeWeb2018\AALife.Service\Dapper\ItemTableBLL.cs:行号 51
   在 ItemTable.GetItemTable(DataSourceRequest query) 位置 d:\fxlweb\AALifeWeb2018\AALife.Web\api\ItemTableDapper.asmx:行号 35
ClientConnectionId:5a9df34b-e4e7-41cd-beb9-385a35e6bd1d
Error Number:7202,State:2,Class:11
2019-12-01 16:50:22.4704|ERROR|ItemTable|System.Data.SqlClient.SqlException (0x80131904): 在 sys.servers 中找不到服务器 'AALife'。请验证指定的服务器名称是否正确。如果需要，请执行存储过程 sp_addlinkedserver 以将服务器添加到 sys.servers。
   在 System.Data.SqlClient.SqlConnection.OnError(SqlException exception, Boolean breakConnection, Action`1 wrapCloseInAction)
   在 System.Data.SqlClient.TdsParser.ThrowExceptionAndWarning(TdsParserStateObject stateObj, Boolean callerHasConnectionLock, Boolean asyncClose)
   在 System.Data.SqlClient.TdsParser.TryRun(RunBehavior runBehavior, SqlCommand cmdHandler, SqlDataReader dataStream, BulkCopySimpleResultSet bulkCopyHandler, TdsParserStateObject stateObj, Boolean& dataReady)
   在 System.Data.SqlClient.SqlDataReader.TryConsumeMetaData()
   在 System.Data.SqlClient.SqlDataReader.get_MetaData()
   在 System.Data.SqlClient.SqlCommand.FinishExecuteReader(SqlDataReader ds, RunBehavior runBehavior, String resetOptionsString, Boolean isInternal, Boolean forDescribeParameterEncryption, Boolean shouldCacheForAlwaysEncrypted)
   在 System.Data.SqlClient.SqlCommand.RunExecuteReaderTds(CommandBehavior cmdBehavior, RunBehavior runBehavior, Boolean returnStream, Boolean async, Int32 timeout, Task& task, Boolean asyncWrite, Boolean inRetry, SqlDataReader ds, Boolean describeParameterEncryptionRequest)
   在 System.Data.SqlClient.SqlCommand.RunExecuteReader(CommandBehavior cmdBehavior, RunBehavior runBehavior, Boolean returnStream, String method, TaskCompletionSource`1 completion, Int32 timeout, Task& task, Boolean& usedCache, Boolean asyncWrite, Boolean inRetry)
   在 System.Data.SqlClient.SqlCommand.RunExecuteReader(CommandBehavior cmdBehavior, RunBehavior runBehavior, Boolean returnStream, String method)
   在 System.Data.SqlClient.SqlCommand.ExecuteReader(CommandBehavior behavior, String method)
   在 Dapper.SqlMapper.ExecuteReaderWithFlagsFallback(IDbCommand cmd, Boolean wasClosed, CommandBehavior behavior)
   在 Dapper.SqlMapper.<QueryImpl>d__138`1.MoveNext()
   在 System.Collections.Generic.List`1..ctor(IEnumerable`1 collection)
   在 System.Linq.Enumerable.ToList[TSource](IEnumerable`1 source)
   在 Dapper.SqlMapper.Query[T](IDbConnection cnn, String sql, Object param, IDbTransaction transaction, Boolean buffered, Nullable`1 commandTimeout, Nullable`1 commandType)
   在 Yanzi.Core.KendoDapper.QueryableExtensions.ToDataSourceResult[T](Int32 page, Int32 pageSize, IEnumerable`1 sort, Filter filter, IEnumerable`1 aggregates, IEnumerable`1 group, String defaultOrder) 位置 D:\fxlweb\AALifeWeb2018\AALife.Core\KendoDapper\QueryableExtensions.cs:行号 82
   在 Yanzi.Core.KendoDapper.QueryableExtensions.ToDataSourceResult[T](DataSourceRequest request, String defaultOrder) 位置 D:\fxlweb\AALifeWeb2018\AALife.Core\KendoDapper\QueryableExtensions.cs:行号 25
   在 AALife.Service.Dapper.ItemTableBLL.GetDapperDataSource(DataSourceRequest request) 位置 D:\fxlweb\AALifeWeb2018\AALife.Service\Dapper\ItemTableBLL.cs:行号 51
   在 ItemTable.GetItemTable(DataSourceRequest query) 位置 d:\fxlweb\AALifeWeb2018\AALife.Web\api\ItemTableDapper.asmx:行号 35
ClientConnectionId:5a9df34b-e4e7-41cd-beb9-385a35e6bd1d
Error Number:7202,State:2,Class:11
2019-12-01 16:50:52.1619|ERROR|ItemTable|System.Data.SqlClient.SqlException (0x80131904): “WHERE”附近有语法错误。
   在 System.Data.SqlClient.SqlConnection.OnError(SqlException exception, Boolean breakConnection, Action`1 wrapCloseInAction)
   在 System.Data.SqlClient.TdsParser.ThrowExceptionAndWarning(TdsParserStateObject stateObj, Boolean callerHasConnectionLock, Boolean asyncClose)
   在 System.Data.SqlClient.TdsParser.TryRun(RunBehavior runBehavior, SqlCommand cmdHandler, SqlDataReader dataStream, BulkCopySimpleResultSet bulkCopyHandler, TdsParserStateObject stateObj, Boolean& dataReady)
   在 System.Data.SqlClient.SqlDataReader.TryConsumeMetaData()
   在 System.Data.SqlClient.SqlDataReader.get_MetaData()
   在 System.Data.SqlClient.SqlCommand.FinishExecuteReader(SqlDataReader ds, RunBehavior runBehavior, String resetOptionsString, Boolean isInternal, Boolean forDescribeParameterEncryption, Boolean shouldCacheForAlwaysEncrypted)
   在 System.Data.SqlClient.SqlCommand.RunExecuteReaderTds(CommandBehavior cmdBehavior, RunBehavior runBehavior, Boolean returnStream, Boolean async, Int32 timeout, Task& task, Boolean asyncWrite, Boolean inRetry, SqlDataReader ds, Boolean describeParameterEncryptionRequest)
   在 System.Data.SqlClient.SqlCommand.RunExecuteReader(CommandBehavior cmdBehavior, RunBehavior runBehavior, Boolean returnStream, String method, TaskCompletionSource`1 completion, Int32 timeout, Task& task, Boolean& usedCache, Boolean asyncWrite, Boolean inRetry)
   在 System.Data.SqlClient.SqlCommand.RunExecuteReader(CommandBehavior cmdBehavior, RunBehavior runBehavior, Boolean returnStream, String method)
   在 System.Data.SqlClient.SqlCommand.ExecuteReader(CommandBehavior behavior, String method)
   在 Dapper.SqlMapper.ExecuteReaderWithFlagsFallback(IDbCommand cmd, Boolean wasClosed, CommandBehavior behavior)
   在 Dapper.SqlMapper.QueryRowImpl[T](IDbConnection cnn, Row row, CommandDefinition& command, Type effectiveType)
   在 Dapper.SqlMapper.QueryFirst[T](IDbConnection cnn, String sql, Object param, IDbTransaction transaction, Nullable`1 commandTimeout, Nullable`1 commandType)
   在 Yanzi.Core.KendoDapper.QueryableExtensions.ToDataSourceResult[T](Int32 page, Int32 pageSize, IEnumerable`1 sort, Filter filter, IEnumerable`1 aggregates, IEnumerable`1 group, String defaultOrder) 位置 D:\fxlweb\AALifeWeb2018\AALife.Core\KendoDapper\QueryableExtensions.cs:行号 83
   在 Yanzi.Core.KendoDapper.QueryableExtensions.ToDataSourceResult[T](DataSourceRequest request, String defaultOrder) 位置 D:\fxlweb\AALifeWeb2018\AALife.Core\KendoDapper\QueryableExtensions.cs:行号 25
   在 AALife.Service.Dapper.ItemTableBLL.GetDapperDataSource(DataSourceRequest request) 位置 D:\fxlweb\AALifeWeb2018\AALife.Service\Dapper\ItemTableBLL.cs:行号 51
   在 ItemTable.GetItemTable(DataSourceRequest query) 位置 d:\fxlweb\AALifeWeb2018\AALife.Web\api\ItemTableDapper.asmx:行号 35
ClientConnectionId:820142b8-117a-4647-b51f-5ba061dafd72
Error Number:102,State:1,Class:15
2019-12-01 16:51:43.0083|ERROR|ItemTable|System.Data.SqlClient.SqlException (0x80131904): “WHERE”附近有语法错误。
   在 System.Data.SqlClient.SqlConnection.OnError(SqlException exception, Boolean breakConnection, Action`1 wrapCloseInAction)
   在 System.Data.SqlClient.TdsParser.ThrowExceptionAndWarning(TdsParserStateObject stateObj, Boolean callerHasConnectionLock, Boolean asyncClose)
   在 System.Data.SqlClient.TdsParser.TryRun(RunBehavior runBehavior, SqlCommand cmdHandler, SqlDataReader dataStream, BulkCopySimpleResultSet bulkCopyHandler, TdsParserStateObject stateObj, Boolean& dataReady)
   在 System.Data.SqlClient.SqlDataReader.TryConsumeMetaData()
   在 System.Data.SqlClient.SqlDataReader.get_MetaData()
   在 System.Data.SqlClient.SqlCommand.FinishExecuteReader(SqlDataReader ds, RunBehavior runBehavior, String resetOptionsString, Boolean isInternal, Boolean forDescribeParameterEncryption, Boolean shouldCacheForAlwaysEncrypted)
   在 System.Data.SqlClient.SqlCommand.RunExecuteReaderTds(CommandBehavior cmdBehavior, RunBehavior runBehavior, Boolean returnStream, Boolean async, Int32 timeout, Task& task, Boolean asyncWrite, Boolean inRetry, SqlDataReader ds, Boolean describeParameterEncryptionRequest)
   在 System.Data.SqlClient.SqlCommand.RunExecuteReader(CommandBehavior cmdBehavior, RunBehavior runBehavior, Boolean returnStream, String method, TaskCompletionSource`1 completion, Int32 timeout, Task& task, Boolean& usedCache, Boolean asyncWrite, Boolean inRetry)
   在 System.Data.SqlClient.SqlCommand.RunExecuteReader(CommandBehavior cmdBehavior, RunBehavior runBehavior, Boolean returnStream, String method)
   在 System.Data.SqlClient.SqlCommand.ExecuteReader(CommandBehavior behavior, String method)
   在 Dapper.SqlMapper.ExecuteReaderWithFlagsFallback(IDbCommand cmd, Boolean wasClosed, CommandBehavior behavior)
   在 Dapper.SqlMapper.QueryRowImpl[T](IDbConnection cnn, Row row, CommandDefinition& command, Type effectiveType)
   在 Dapper.SqlMapper.QueryFirst[T](IDbConnection cnn, String sql, Object param, IDbTransaction transaction, Nullable`1 commandTimeout, Nullable`1 commandType)
   在 Yanzi.Core.KendoDapper.QueryableExtensions.ToDataSourceResult[T](Int32 page, Int32 pageSize, IEnumerable`1 sort, Filter filter, IEnumerable`1 aggregates, IEnumerable`1 group, String defaultOrder) 位置 D:\fxlweb\AALifeWeb2018\AALife.Core\KendoDapper\QueryableExtensions.cs:行号 83
   在 Yanzi.Core.KendoDapper.QueryableExtensions.ToDataSourceResult[T](DataSourceRequest request, String defaultOrder) 位置 D:\fxlweb\AALifeWeb2018\AALife.Core\KendoDapper\QueryableExtensions.cs:行号 25
   在 AALife.Service.Dapper.ItemTableBLL.GetDapperDataSource(DataSourceRequest request) 位置 D:\fxlweb\AALifeWeb2018\AALife.Service\Dapper\ItemTableBLL.cs:行号 51
   在 ItemTable.GetItemTable(DataSourceRequest query) 位置 d:\fxlweb\AALifeWeb2018\AALife.Web\api\ItemTableDapper.asmx:行号 35
ClientConnectionId:820142b8-117a-4647-b51f-5ba061dafd72
Error Number:102,State:1,Class:15
2019-12-01 16:52:05.6567|ERROR|ItemTable|System.Data.SqlClient.SqlException (0x80131904): “WHERE”附近有语法错误。
   在 System.Data.SqlClient.SqlConnection.OnError(SqlException exception, Boolean breakConnection, Action`1 wrapCloseInAction)
   在 System.Data.SqlClient.TdsParser.ThrowExceptionAndWarning(TdsParserStateObject stateObj, Boolean callerHasConnectionLock, Boolean asyncClose)
   在 System.Data.SqlClient.TdsParser.TryRun(RunBehavior runBehavior, SqlCommand cmdHandler, SqlDataReader dataStream, BulkCopySimpleResultSet bulkCopyHandler, TdsParserStateObject stateObj, Boolean& dataReady)
   在 System.Data.SqlClient.SqlDataReader.TryConsumeMetaData()
   在 System.Data.SqlClient.SqlDataReader.get_MetaData()
   在 System.Data.SqlClient.SqlCommand.FinishExecuteReader(SqlDataReader ds, RunBehavior runBehavior, String resetOptionsString, Boolean isInternal, Boolean forDescribeParameterEncryption, Boolean shouldCacheForAlwaysEncrypted)
   在 System.Data.SqlClient.SqlCommand.RunExecuteReaderTds(CommandBehavior cmdBehavior, RunBehavior runBehavior, Boolean returnStream, Boolean async, Int32 timeout, Task& task, Boolean asyncWrite, Boolean inRetry, SqlDataReader ds, Boolean describeParameterEncryptionRequest)
   在 System.Data.SqlClient.SqlCommand.RunExecuteReader(CommandBehavior cmdBehavior, RunBehavior runBehavior, Boolean returnStream, String method, TaskCompletionSource`1 completion, Int32 timeout, Task& task, Boolean& usedCache, Boolean asyncWrite, Boolean inRetry)
   在 System.Data.SqlClient.SqlCommand.RunExecuteReader(CommandBehavior cmdBehavior, RunBehavior runBehavior, Boolean returnStream, String method)
   在 System.Data.SqlClient.SqlCommand.ExecuteReader(CommandBehavior behavior, String method)
   在 Dapper.SqlMapper.ExecuteReaderWithFlagsFallback(IDbCommand cmd, Boolean wasClosed, CommandBehavior behavior)
   在 Dapper.SqlMapper.QueryRowImpl[T](IDbConnection cnn, Row row, CommandDefinition& command, Type effectiveType)
   在 Dapper.SqlMapper.QueryFirst[T](IDbConnection cnn, String sql, Object param, IDbTransaction transaction, Nullable`1 commandTimeout, Nullable`1 commandType)
   在 Yanzi.Core.KendoDapper.QueryableExtensions.ToDataSourceResult[T](Int32 page, Int32 pageSize, IEnumerable`1 sort, Filter filter, IEnumerable`1 aggregates, IEnumerable`1 group, String defaultOrder) 位置 D:\fxlweb\AALifeWeb2018\AALife.Core\KendoDapper\QueryableExtensions.cs:行号 83
   在 Yanzi.Core.KendoDapper.QueryableExtensions.ToDataSourceResult[T](DataSourceRequest request, String defaultOrder) 位置 D:\fxlweb\AALifeWeb2018\AALife.Core\KendoDapper\QueryableExtensions.cs:行号 25
   在 AALife.Service.Dapper.ItemTableBLL.GetDapperDataSource(DataSourceRequest request) 位置 D:\fxlweb\AALifeWeb2018\AALife.Service\Dapper\ItemTableBLL.cs:行号 51
   在 ItemTable.GetItemTable(DataSourceRequest query) 位置 d:\fxlweb\AALifeWeb2018\AALife.Web\api\ItemTableDapper.asmx:行号 35
ClientConnectionId:820142b8-117a-4647-b51f-5ba061dafd72
Error Number:102,State:1,Class:15
