2020-02-07 09:18:59.0970|INFO|ItemTableDapperController|System.Data.SqlClient.SqlException (0x80131904): 列名 'sql2008' 无效。
列名 'sql2008' 无效。
   在 System.Data.SqlClient.SqlConnection.OnError(SqlException exception, Boolean breakConnection, Action`1 wrapCloseInAction)
   在 System.Data.SqlClient.TdsParser.ThrowExceptionAndWarning(TdsParserStateObject stateObj, Boolean callerHasConnectionLock, Boolean asyncClose)
   在 System.Data.SqlClient.TdsParser.TryRun(RunBehavior runBehavior, SqlCommand cmdHandler, SqlDataReader dataStream, BulkCopySimpleResultSet bulkCopyHandler, TdsParserStateObject stateObj, Boolean& dataReady)
   在 System.Data.SqlClient.SqlDataReader.TryConsumeMetaData()
   在 System.Data.SqlClient.SqlDataReader.get_MetaData()
   在 System.Data.SqlClient.SqlCommand.FinishExecuteReader(SqlDataReader ds, RunBehavior runBehavior, String resetOptionsString, Boolean isInternal, Boolean forDescribeParameterEncryption, Boolean shouldCacheForAlwaysEncrypted)
   在 System.Data.SqlClient.SqlCommand.RunExecuteReaderTds(CommandBehavior cmdBehavior, RunBehavior runBehavior, Boolean returnStream, Boolean async, Int32 timeout, Task& task, Boolean asyncWrite, Boolean inRetry, SqlDataReader ds, Boolean describeParameterEncryptionRequest)
   在 System.Data.SqlClient.SqlCommand.RunExecuteReader(CommandBehavior cmdBehavior, RunBehavior runBehavior, Boolean returnStream, String method, TaskCompletionSource`1 completion, Int32 timeout, Task& task, Boolean& usedCache, Boolean asyncWrite, Boolean inRetry)
   在 System.Data.SqlClient.SqlCommand.RunExecuteReader(CommandBehavior cmdBehavior, RunBehavior runBehavior, Boolean returnStream, String method)
   在 System.Data.SqlClient.SqlCommand.ExecuteReader(CommandBehavior behavior, String method)
   在 Dapper.SqlMapper.ExecuteReaderWithFlagsFallback(IDbCommand cmd, Boolean wasClosed, CommandBehavior behavior)
   在 Dapper.SqlMapper.<QueryImpl>d__138`1.MoveNext()
   在 System.Collections.Generic.List`1..ctor(IEnumerable`1 collection)
   在 System.Linq.Enumerable.ToList[TSource](IEnumerable`1 source)
   在 Dapper.SqlMapper.Query[T](IDbConnection cnn, String sql, Object param, IDbTransaction transaction, Boolean buffered, Nullable`1 commandTimeout, Nullable`1 commandType)
   在 Yanzi.Core.KendoDapper.QueryableExtensions.ToDataSourceResult[T,T1](String connString, Int32 page, Int32 pageSize, IEnumerable`1 sort, Filter filter, IEnumerable`1 aggregates, IEnumerable`1 group, String sqlType, String order, Func`2 func)
   在 Yanzi.Core.KendoDapper.QueryableExtensions.ToDataSourceResult[T,T1](DataSourceRequest request, String connString, String sqlType, String order, Func`2 func)
   在 AALife.Service.Dapper.ItemTableBLL.GetDapperDataSource(DataSourceRequest request) 位置 D:\fxlweb\AALifeWeb2018\AALife.Service\Dapper\ItemTableBLL.cs:行号 48
   在 AALife.WebMvc.Controllers.ItemTableDapperController.Get(DataSourceRequest request) 位置 D:\fxlweb\AALifeWeb2018\AALife.WebMvc\Controllers\ItemTableDapperController.cs:行号 22
ClientConnectionId:a0de5246-a223-4997-860c-6043490b166c
Error Number:207,State:1,Class:16
2020-02-07 09:26:09.4540|INFO|ItemTableDapperController|System.Data.SqlClient.SqlException (0x80131904): “RowNumber”附近有语法错误。
   在 System.Data.SqlClient.SqlConnection.OnError(SqlException exception, Boolean breakConnection, Action`1 wrapCloseInAction)
   在 System.Data.SqlClient.TdsParser.ThrowExceptionAndWarning(TdsParserStateObject stateObj, Boolean callerHasConnectionLock, Boolean asyncClose)
   在 System.Data.SqlClient.TdsParser.TryRun(RunBehavior runBehavior, SqlCommand cmdHandler, SqlDataReader dataStream, BulkCopySimpleResultSet bulkCopyHandler, TdsParserStateObject stateObj, Boolean& dataReady)
   在 System.Data.SqlClient.SqlDataReader.TryConsumeMetaData()
   在 System.Data.SqlClient.SqlDataReader.get_MetaData()
   在 System.Data.SqlClient.SqlCommand.FinishExecuteReader(SqlDataReader ds, RunBehavior runBehavior, String resetOptionsString, Boolean isInternal, Boolean forDescribeParameterEncryption, Boolean shouldCacheForAlwaysEncrypted)
   在 System.Data.SqlClient.SqlCommand.RunExecuteReaderTds(CommandBehavior cmdBehavior, RunBehavior runBehavior, Boolean returnStream, Boolean async, Int32 timeout, Task& task, Boolean asyncWrite, Boolean inRetry, SqlDataReader ds, Boolean describeParameterEncryptionRequest)
   在 System.Data.SqlClient.SqlCommand.RunExecuteReader(CommandBehavior cmdBehavior, RunBehavior runBehavior, Boolean returnStream, String method, TaskCompletionSource`1 completion, Int32 timeout, Task& task, Boolean& usedCache, Boolean asyncWrite, Boolean inRetry)
   在 System.Data.SqlClient.SqlCommand.RunExecuteReader(CommandBehavior cmdBehavior, RunBehavior runBehavior, Boolean returnStream, String method)
   在 System.Data.SqlClient.SqlCommand.ExecuteReader(CommandBehavior behavior, String method)
   在 Dapper.SqlMapper.ExecuteReaderWithFlagsFallback(IDbCommand cmd, Boolean wasClosed, CommandBehavior behavior)
   在 Dapper.SqlMapper.<QueryImpl>d__138`1.MoveNext()
   在 System.Collections.Generic.List`1..ctor(IEnumerable`1 collection)
   在 System.Linq.Enumerable.ToList[TSource](IEnumerable`1 source)
   在 Dapper.SqlMapper.Query[T](IDbConnection cnn, String sql, Object param, IDbTransaction transaction, Boolean buffered, Nullable`1 commandTimeout, Nullable`1 commandType)
   在 Yanzi.Core.KendoDapper.QueryableExtensions.ToDataSourceResult[T,T1](String connString, Int32 page, Int32 pageSize, IEnumerable`1 sort, Filter filter, IEnumerable`1 aggregates, IEnumerable`1 group, String sqlType, String order, Func`2 func)
   在 Yanzi.Core.KendoDapper.QueryableExtensions.ToDataSourceResult[T,T1](DataSourceRequest request, String connString, String sqlType, String order, Func`2 func)
   在 AALife.Service.Dapper.ItemTableBLL.GetDapperDataSource(DataSourceRequest request) 位置 D:\fxlweb\AALifeWeb2018\AALife.Service\Dapper\ItemTableBLL.cs:行号 48
   在 AALife.WebMvc.Controllers.ItemTableDapperController.Get(DataSourceRequest request) 位置 D:\fxlweb\AALifeWeb2018\AALife.WebMvc\Controllers\ItemTableDapperController.cs:行号 22
ClientConnectionId:47865d21-868f-4eae-9579-dac873114589
Error Number:102,State:1,Class:15
